\BOOKMARK [0][-]{chapter.1}{\376\377\0001\000\040\000C\000o\000n\000c\000e\000p\000t\000\040\000I\000n\000d\000e\000x}{}% 1
\BOOKMARK [1][-]{section.1.1}{\376\377\0001\000.\0001\000\040\000C\000o\000n\000c\000e\000p\000t\000s}{chapter.1}% 2
\BOOKMARK [0][-]{chapter.2}{\376\377\0002\000\040\000H\000i\000e\000r\000a\000r\000c\000h\000i\000c\000a\000l\000\040\000I\000n\000d\000e\000x}{}% 3
\BOOKMARK [1][-]{section.2.1}{\376\377\0002\000.\0001\000\040\000C\000l\000a\000s\000s\000\040\000H\000i\000e\000r\000a\000r\000c\000h\000y}{chapter.2}% 4
\BOOKMARK [0][-]{chapter.3}{\376\377\0003\000\040\000C\000l\000a\000s\000s\000\040\000I\000n\000d\000e\000x}{}% 5
\BOOKMARK [1][-]{section.3.1}{\376\377\0003\000.\0001\000\040\000C\000l\000a\000s\000s\000\040\000L\000i\000s\000t}{chapter.3}% 6
\BOOKMARK [0][-]{chapter.4}{\376\377\0004\000\040\000F\000i\000l\000e\000\040\000I\000n\000d\000e\000x}{}% 7
\BOOKMARK [1][-]{section.4.1}{\376\377\0004\000.\0001\000\040\000F\000i\000l\000e\000\040\000L\000i\000s\000t}{chapter.4}% 8
\BOOKMARK [0][-]{chapter.5}{\376\377\0005\000\040\000C\000o\000n\000c\000e\000p\000t\000\040\000D\000o\000c\000u\000m\000e\000n\000t\000a\000t\000i\000o\000n}{}% 9
\BOOKMARK [1][-]{section.5.1}{\376\377\0005\000.\0001\000\040\000a\000l\000g\000e\000b\000r\000a\000:\000:\000A\000d\000d\000i\000t\000i\000v\000e\000G\000r\000o\000u\000p\000\040\000C\000o\000n\000c\000e\000p\000t\000\040\000R\000e\000f\000e\000r\000e\000n\000c\000e}{chapter.5}% 10
\BOOKMARK [2][-]{subsection.5.1.1}{\376\377\0005\000.\0001\000.\0001\000\040\000C\000o\000n\000c\000e\000p\000t\000\040\000d\000e\000f\000i\000n\000i\000t\000i\000o\000n}{section.5.1}% 11
\BOOKMARK [2][-]{subsection.5.1.2}{\376\377\0005\000.\0001\000.\0002\000\040\000D\000e\000t\000a\000i\000l\000e\000d\000\040\000D\000e\000s\000c\000r\000i\000p\000t\000i\000o\000n}{section.5.1}% 12
\BOOKMARK [2][-]{subsection.5.1.3}{\376\377\0005\000.\0001\000.\0003\000\040\000S\000e\000m\000a\000n\000t\000i\000c\000\040\000r\000e\000q\000u\000i\000r\000e\000m\000e\000n\000t\000s}{section.5.1}% 13
\BOOKMARK [1][-]{section.5.2}{\376\377\0005\000.\0002\000\040\000a\000l\000g\000e\000b\000r\000a\000:\000:\000C\000o\000m\000m\000u\000t\000a\000t\000i\000v\000e\000\040\000C\000o\000n\000c\000e\000p\000t\000\040\000R\000e\000f\000e\000r\000e\000n\000c\000e}{chapter.5}% 14
\BOOKMARK [2][-]{subsection.5.2.1}{\376\377\0005\000.\0002\000.\0001\000\040\000C\000o\000n\000c\000e\000p\000t\000\040\000d\000e\000f\000i\000n\000i\000t\000i\000o\000n}{section.5.2}% 15
\BOOKMARK [2][-]{subsection.5.2.2}{\376\377\0005\000.\0002\000.\0002\000\040\000D\000e\000t\000a\000i\000l\000e\000d\000\040\000D\000e\000s\000c\000r\000i\000p\000t\000i\000o\000n}{section.5.2}% 16
\BOOKMARK [2][-]{subsection.5.2.3}{\376\377\0005\000.\0002\000.\0003\000\040\000S\000e\000m\000a\000n\000t\000i\000c\000\040\000r\000e\000q\000u\000i\000r\000e\000m\000e\000n\000t\000s}{section.5.2}% 17
\BOOKMARK [1][-]{section.5.3}{\376\377\0005\000.\0003\000\040\000a\000l\000g\000e\000b\000r\000a\000:\000:\000C\000o\000m\000m\000u\000t\000a\000t\000i\000v\000e\000R\000i\000n\000g\000\040\000C\000o\000n\000c\000e\000p\000t\000\040\000R\000e\000f\000e\000r\000e\000n\000c\000e}{chapter.5}% 18
\BOOKMARK [2][-]{subsection.5.3.1}{\376\377\0005\000.\0003\000.\0001\000\040\000C\000o\000n\000c\000e\000p\000t\000\040\000d\000e\000f\000i\000n\000i\000t\000i\000o\000n}{section.5.3}% 19
\BOOKMARK [2][-]{subsection.5.3.2}{\376\377\0005\000.\0003\000.\0002\000\040\000D\000e\000t\000a\000i\000l\000e\000d\000\040\000D\000e\000s\000c\000r\000i\000p\000t\000i\000o\000n}{section.5.3}% 20
\BOOKMARK [2][-]{subsection.5.3.3}{\376\377\0005\000.\0003\000.\0003\000\040\000S\000e\000m\000a\000t\000i\000c\000\040\000r\000e\000q\000u\000i\000r\000e\000m\000e\000n\000t\000s}{section.5.3}% 21
\BOOKMARK [1][-]{section.5.4}{\376\377\0005\000.\0004\000\040\000a\000l\000g\000e\000b\000r\000a\000:\000:\000E\000u\000c\000l\000i\000d\000e\000a\000n\000D\000o\000m\000a\000i\000n\000\040\000C\000o\000n\000c\000e\000p\000t\000\040\000R\000e\000f\000e\000r\000e\000n\000c\000e}{chapter.5}% 22
\BOOKMARK [2][-]{subsection.5.4.1}{\376\377\0005\000.\0004\000.\0001\000\040\000C\000o\000n\000c\000e\000p\000t\000\040\000d\000e\000f\000i\000n\000i\000t\000i\000o\000n}{section.5.4}% 23
\BOOKMARK [2][-]{subsection.5.4.2}{\376\377\0005\000.\0004\000.\0002\000\040\000D\000e\000t\000a\000i\000l\000e\000d\000\040\000D\000e\000s\000c\000r\000i\000p\000t\000i\000o\000n}{section.5.4}% 24
\BOOKMARK [2][-]{subsection.5.4.3}{\376\377\0005\000.\0004\000.\0003\000\040\000S\000e\000m\000a\000n\000t\000i\000c\000\040\000r\000e\000q\000u\000i\000r\000e\000m\000e\000n\000t\000s}{section.5.4}% 25
\BOOKMARK [1][-]{section.5.5}{\376\377\0005\000.\0005\000\040\000a\000l\000g\000e\000b\000r\000a\000:\000:\000F\000i\000e\000l\000d\000\040\000C\000o\000n\000c\000e\000p\000t\000\040\000R\000e\000f\000e\000r\000e\000n\000c\000e}{chapter.5}% 26
\BOOKMARK [2][-]{subsection.5.5.1}{\376\377\0005\000.\0005\000.\0001\000\040\000C\000o\000n\000c\000e\000p\000t\000\040\000d\000e\000f\000i\000n\000i\000t\000i\000o\000n}{section.5.5}% 27
\BOOKMARK [2][-]{subsection.5.5.2}{\376\377\0005\000.\0005\000.\0002\000\040\000D\000e\000t\000a\000i\000l\000e\000d\000\040\000D\000e\000s\000c\000r\000i\000p\000t\000i\000o\000n}{section.5.5}% 28
\BOOKMARK [2][-]{subsection.5.5.3}{\376\377\0005\000.\0005\000.\0003\000\040\000S\000e\000m\000a\000n\000t\000i\000c\000\040\000r\000e\000q\000u\000i\000r\000e\000m\000e\000n\000t\000s}{section.5.5}% 29
\BOOKMARK [1][-]{section.5.6}{\376\377\0005\000.\0006\000\040\000a\000l\000g\000e\000b\000r\000a\000:\000:\000G\000r\000o\000u\000p\000\040\000C\000o\000n\000c\000e\000p\000t\000\040\000R\000e\000f\000e\000r\000e\000n\000c\000e}{chapter.5}% 30
\BOOKMARK [2][-]{subsection.5.6.1}{\376\377\0005\000.\0006\000.\0001\000\040\000C\000o\000n\000c\000e\000p\000t\000\040\000d\000e\000f\000i\000n\000i\000t\000i\000o\000n}{section.5.6}% 31
\BOOKMARK [2][-]{subsection.5.6.2}{\376\377\0005\000.\0006\000.\0002\000\040\000D\000e\000t\000a\000i\000l\000e\000d\000\040\000D\000e\000s\000c\000r\000i\000p\000t\000i\000o\000n}{section.5.6}% 32
\BOOKMARK [2][-]{subsection.5.6.3}{\376\377\0005\000.\0006\000.\0003\000\040\000S\000e\000m\000a\000n\000t\000i\000c\000\040\000r\000e\000q\000u\000i\000r\000e\000m\000e\000n\000t\000s}{section.5.6}% 33
\BOOKMARK [1][-]{section.5.7}{\376\377\0005\000.\0007\000\040\000a\000l\000g\000e\000b\000r\000a\000:\000:\000R\000i\000n\000g\000\040\000C\000o\000n\000c\000e\000p\000t\000\040\000R\000e\000f\000e\000r\000e\000n\000c\000e}{chapter.5}% 34
\BOOKMARK [2][-]{subsection.5.7.1}{\376\377\0005\000.\0007\000.\0001\000\040\000C\000o\000n\000c\000e\000p\000t\000\040\000d\000e\000f\000i\000n\000i\000t\000i\000o\000n}{section.5.7}% 35
\BOOKMARK [2][-]{subsection.5.7.2}{\376\377\0005\000.\0007\000.\0002\000\040\000D\000e\000t\000a\000i\000l\000e\000d\000\040\000D\000e\000s\000c\000r\000i\000p\000t\000i\000o\000n}{section.5.7}% 36
\BOOKMARK [2][-]{subsection.5.7.3}{\376\377\0005\000.\0007\000.\0003\000\040\000S\000e\000m\000a\000t\000i\000c\000\040\000r\000e\000q\000u\000i\000r\000e\000m\000e\000n\000t\000s}{section.5.7}% 37
\BOOKMARK [0][-]{chapter.6}{\376\377\0006\000\040\000C\000l\000a\000s\000s\000\040\000D\000o\000c\000u\000m\000e\000n\000t\000a\000t\000i\000o\000n}{}% 38
\BOOKMARK [1][-]{section.6.1}{\376\377\0006\000.\0001\000\040\000c\000o\000r\000e\000:\000:\000A\000l\000g\000e\000b\000r\000a\000H\000o\000m\000o\000l\000o\000g\000y\000<\000\040\000T\000\040\000>\000\040\000C\000l\000a\000s\000s\000\040\000T\000e\000m\000p\000l\000a\000t\000e\000\040\000R\000e\000f\000e\000r\000e\000n\000c\000e}{chapter.6}% 39
\BOOKMARK [2][-]{subsection.6.1.1}{\376\377\0006\000.\0001\000.\0001\000\040\000D\000e\000t\000a\000i\000l\000e\000d\000\040\000D\000e\000s\000c\000r\000i\000p\000t\000i\000o\000n}{section.6.1}% 40
\BOOKMARK [2][-]{subsection.6.1.2}{\376\377\0006\000.\0001\000.\0002\000\040\000M\000e\000m\000b\000e\000r\000\040\000F\000u\000n\000c\000t\000i\000o\000n\000\040\000D\000o\000c\000u\000m\000e\000n\000t\000a\000t\000i\000o\000n}{section.6.1}% 41
\BOOKMARK [3][-]{subsubsection.6.1.2.1}{\376\377\0006\000.\0001\000.\0002\000.\0001\000\040\000b\000e\000t\000t\000i\000\137\000n\000u\000m\000b\000e\000r\000s\000\050\000\051}{subsection.6.1.2}% 42
\BOOKMARK [3][-]{subsubsection.6.1.2.2}{\376\377\0006\000.\0001\000.\0002\000.\0002\000\040\000t\000o\000r\000s\000i\000o\000n\000\050\000\051}{subsection.6.1.2}% 43
\BOOKMARK [1][-]{section.6.2}{\376\377\0006\000.\0002\000\040\000c\000o\000m\000p\000l\000e\000x\000e\000s\000:\000:\000B\000a\000s\000i\000c\000I\000n\000t\000e\000r\000v\000a\000l\000\040\000C\000l\000a\000s\000s\000\040\000R\000e\000f\000e\000r\000e\000n\000c\000e}{chapter.6}% 44
\BOOKMARK [2][-]{subsection.6.2.1}{\376\377\0006\000.\0002\000.\0001\000\040\000D\000e\000t\000a\000i\000l\000e\000d\000\040\000D\000e\000s\000c\000r\000i\000p\000t\000i\000o\000n}{section.6.2}% 45
\BOOKMARK [2][-]{subsection.6.2.2}{\376\377\0006\000.\0002\000.\0002\000\040\000M\000e\000m\000b\000e\000r\000\040\000F\000u\000n\000c\000t\000i\000o\000n\000\040\000D\000o\000c\000u\000m\000e\000n\000t\000a\000t\000i\000o\000n}{section.6.2}% 46
\BOOKMARK [3][-]{subsubsection.6.2.2.1}{\376\377\0006\000.\0002\000.\0002\000.\0001\000\040\000i\000n\000t\000e\000r\000v\000a\000l\000\050\000\051}{subsection.6.2.2}% 47
\BOOKMARK [1][-]{section.6.3}{\376\377\0006\000.\0003\000\040\000a\000l\000g\000e\000b\000r\000a\000:\000:\000C\000h\000a\000i\000n\000C\000o\000m\000p\000l\000e\000x\000<\000\040\000T\000\040\000>\000\040\000C\000l\000a\000s\000s\000\040\000T\000e\000m\000p\000l\000a\000t\000e\000\040\000R\000e\000f\000e\000r\000e\000n\000c\000e}{chapter.6}% 48
\BOOKMARK [2][-]{subsection.6.3.1}{\376\377\0006\000.\0003\000.\0001\000\040\000D\000e\000t\000a\000i\000l\000e\000d\000\040\000D\000e\000s\000c\000r\000i\000p\000t\000i\000o\000n}{section.6.3}% 49
\BOOKMARK [2][-]{subsection.6.3.2}{\376\377\0006\000.\0003\000.\0002\000\040\000C\000o\000n\000s\000t\000r\000u\000c\000t\000o\000r\000\040\000\046\000\040\000D\000e\000s\000t\000r\000u\000c\000t\000o\000r\000\040\000D\000o\000c\000u\000m\000e\000n\000t\000a\000t\000i\000o\000n}{section.6.3}% 50
\BOOKMARK [3][-]{subsubsection.6.3.2.1}{\376\377\0006\000.\0003\000.\0002\000.\0001\000\040\000C\000h\000a\000i\000n\000C\000o\000m\000p\000l\000e\000x\000\050\000\051\000\040\000[\0001\000/\0002\000]}{subsection.6.3.2}% 51
\BOOKMARK [3][-]{subsubsection.6.3.2.2}{\376\377\0006\000.\0003\000.\0002\000.\0002\000\040\000C\000h\000a\000i\000n\000C\000o\000m\000p\000l\000e\000x\000\050\000\051\000\040\000[\0002\000/\0002\000]}{subsection.6.3.2}% 52
\BOOKMARK [2][-]{subsection.6.3.3}{\376\377\0006\000.\0003\000.\0003\000\040\000M\000e\000m\000b\000e\000r\000\040\000F\000u\000n\000c\000t\000i\000o\000n\000\040\000D\000o\000c\000u\000m\000e\000n\000t\000a\000t\000i\000o\000n}{section.6.3}% 53
\BOOKMARK [3][-]{subsubsection.6.3.3.1}{\376\377\0006\000.\0003\000.\0003\000.\0001\000\040\000b\000o\000u\000n\000d\000a\000r\000y\000\050\000\051}{subsection.6.3.3}% 54
\BOOKMARK [1][-]{section.6.4}{\376\377\0006\000.\0004\000\040\000c\000o\000r\000e\000:\000:\000C\000o\000m\000m\000a\000n\000d\000l\000i\000n\000e\000O\000p\000t\000i\000o\000n\000s\000\040\000C\000l\000a\000s\000s\000\040\000R\000e\000f\000e\000r\000e\000n\000c\000e}{chapter.6}% 55
\BOOKMARK [2][-]{subsection.6.4.1}{\376\377\0006\000.\0004\000.\0001\000\040\000D\000e\000t\000a\000i\000l\000e\000d\000\040\000D\000e\000s\000c\000r\000i\000p\000t\000i\000o\000n}{section.6.4}% 56
\BOOKMARK [2][-]{subsection.6.4.2}{\376\377\0006\000.\0004\000.\0002\000\040\000M\000e\000m\000b\000e\000r\000\040\000F\000u\000n\000c\000t\000i\000o\000n\000\040\000D\000o\000c\000u\000m\000e\000n\000t\000a\000t\000i\000o\000n}{section.6.4}% 57
\BOOKMARK [3][-]{subsubsection.6.4.2.1}{\376\377\0006\000.\0004\000.\0002\000.\0001\000\040\000f\000i\000l\000e\000n\000a\000m\000e\000\050\000\051}{subsection.6.4.2}% 58
\BOOKMARK [3][-]{subsubsection.6.4.2.2}{\376\377\0006\000.\0004\000.\0002\000.\0002\000\040\000h\000e\000l\000p\000\050\000\051}{subsection.6.4.2}% 59
\BOOKMARK [3][-]{subsubsection.6.4.2.3}{\376\377\0006\000.\0004\000.\0002\000.\0003\000\040\000h\000o\000m\000o\000l\000o\000g\000y\000\137\000t\000o\000\137\000c\000o\000m\000p\000u\000t\000e\000\050\000\051}{subsection.6.4.2}% 60
\BOOKMARK [3][-]{subsubsection.6.4.2.4}{\376\377\0006\000.\0004\000.\0002\000.\0004\000\040\000l\000a\000t\000e\000x\000\050\000\051}{subsection.6.4.2}% 61
\BOOKMARK [3][-]{subsubsection.6.4.2.5}{\376\377\0006\000.\0004\000.\0002\000.\0005\000\040\000x\000\137\000b\000o\000u\000n\000d\000s\000\050\000\051}{subsection.6.4.2}% 62
\BOOKMARK [3][-]{subsubsection.6.4.2.6}{\376\377\0006\000.\0004\000.\0002\000.\0006\000\040\000y\000\137\000b\000o\000u\000n\000d\000s\000\050\000\051}{subsection.6.4.2}% 63
\BOOKMARK [3][-]{subsubsection.6.4.2.7}{\376\377\0006\000.\0004\000.\0002\000.\0007\000\040\000z\000\137\000b\000o\000u\000n\000d\000s\000\050\000\051}{subsection.6.4.2}% 64
\BOOKMARK [1][-]{section.6.5}{\376\377\0006\000.\0005\000\040\000c\000o\000r\000e\000:\000:\000C\000o\000m\000p\000l\000e\000x\000\040\000C\000l\000a\000s\000s\000\040\000R\000e\000f\000e\000r\000e\000n\000c\000e}{chapter.6}% 65
\BOOKMARK [2][-]{subsection.6.5.1}{\376\377\0006\000.\0005\000.\0001\000\040\000D\000e\000t\000a\000i\000l\000e\000d\000\040\000D\000e\000s\000c\000r\000i\000p\000t\000i\000o\000n}{section.6.5}% 66
\BOOKMARK [2][-]{subsection.6.5.2}{\376\377\0006\000.\0005\000.\0002\000\040\000M\000e\000m\000b\000e\000r\000\040\000F\000u\000n\000c\000t\000i\000o\000n\000\040\000D\000o\000c\000u\000m\000e\000n\000t\000a\000t\000i\000o\000n}{section.6.5}% 67
\BOOKMARK [3][-]{subsubsection.6.5.2.1}{\376\377\0006\000.\0005\000.\0002\000.\0001\000\040\000r\000e\000d\000u\000c\000e\000\050\000\051}{subsection.6.5.2}% 68
\BOOKMARK [3][-]{subsubsection.6.5.2.2}{\376\377\0006\000.\0005\000.\0002\000.\0002\000\040\000z\0002\000\137\000h\000o\000m\000o\000l\000o\000g\000y\000\050\000\051}{subsection.6.5.2}% 69
\BOOKMARK [3][-]{subsubsection.6.5.2.3}{\376\377\0006\000.\0005\000.\0002\000.\0003\000\040\000z\0003\000\137\000h\000o\000m\000o\000l\000o\000g\000y\000\050\000\051}{subsection.6.5.2}% 70
\BOOKMARK [3][-]{subsubsection.6.5.2.4}{\376\377\0006\000.\0005\000.\0002\000.\0004\000\040\000z\000\137\000h\000o\000m\000o\000l\000o\000g\000y\000\050\000\051}{subsection.6.5.2}% 71
\BOOKMARK [1][-]{section.6.6}{\376\377\0006\000.\0006\000\040\000c\000o\000r\000e\000:\000:\000P\000o\000l\000y\000m\000o\000r\000p\000h\000i\000c\000<\000\040\000T\000\040\000>\000:\000:\000C\000o\000n\000c\000e\000p\000t\000\040\000S\000t\000r\000u\000c\000t\000\040\000R\000e\000f\000e\000r\000e\000n\000c\000e}{chapter.6}% 72
\BOOKMARK [2][-]{subsection.6.6.1}{\376\377\0006\000.\0006\000.\0001\000\040\000D\000e\000t\000a\000i\000l\000e\000d\000\040\000D\000e\000s\000c\000r\000i\000p\000t\000i\000o\000n}{section.6.6}% 73
\BOOKMARK [2][-]{subsection.6.6.2}{\376\377\0006\000.\0006\000.\0002\000\040\000M\000e\000m\000b\000e\000r\000\040\000F\000u\000n\000c\000t\000i\000o\000n\000\040\000D\000o\000c\000u\000m\000e\000n\000t\000a\000t\000i\000o\000n}{section.6.6}% 74
\BOOKMARK [3][-]{subsubsection.6.6.2.1}{\376\377\0006\000.\0006\000.\0002\000.\0001\000\040\000c\000l\000o\000n\000e\000\050\000\051}{subsection.6.6.2}% 75
\BOOKMARK [3][-]{subsubsection.6.6.2.2}{\376\377\0006\000.\0006\000.\0002\000.\0002\000\040\000g\000e\000t\000\137\000a\000d\000d\000r\000e\000s\000s\000\050\000\051\000\040\000[\0001\000/\0002\000]}{subsection.6.6.2}% 76
\BOOKMARK [3][-]{subsubsection.6.6.2.3}{\376\377\0006\000.\0006\000.\0002\000.\0003\000\040\000g\000e\000t\000\137\000a\000d\000d\000r\000e\000s\000s\000\050\000\051\000\040\000[\0002\000/\0002\000]}{subsection.6.6.2}% 77
\BOOKMARK [1][-]{section.6.7}{\376\377\0006\000.\0007\000\040\000c\000o\000m\000p\000l\000e\000x\000e\000s\000:\000:\000C\000u\000b\000i\000c\000a\000l\000C\000o\000m\000p\000l\000e\000x\000\040\000C\000l\000a\000s\000s\000\040\000R\000e\000f\000e\000r\000e\000n\000c\000e}{chapter.6}% 78
\BOOKMARK [2][-]{subsection.6.7.1}{\376\377\0006\000.\0007\000.\0001\000\040\000D\000e\000t\000a\000i\000l\000e\000d\000\040\000D\000e\000s\000c\000r\000i\000p\000t\000i\000o\000n}{section.6.7}% 79
\BOOKMARK [2][-]{subsection.6.7.2}{\376\377\0006\000.\0007\000.\0002\000\040\000C\000o\000n\000s\000t\000r\000u\000c\000t\000o\000r\000\040\000\046\000\040\000D\000e\000s\000t\000r\000u\000c\000t\000o\000r\000\040\000D\000o\000c\000u\000m\000e\000n\000t\000a\000t\000i\000o\000n}{section.6.7}% 80
\BOOKMARK [3][-]{subsubsection.6.7.2.1}{\376\377\0006\000.\0007\000.\0002\000.\0001\000\040\000C\000u\000b\000i\000c\000a\000l\000C\000o\000m\000p\000l\000e\000x\000\050\000\051}{subsection.6.7.2}% 81
\BOOKMARK [2][-]{subsection.6.7.3}{\376\377\0006\000.\0007\000.\0003\000\040\000M\000e\000m\000b\000e\000r\000\040\000F\000u\000n\000c\000t\000i\000o\000n\000\040\000D\000o\000c\000u\000m\000e\000n\000t\000a\000t\000i\000o\000n}{section.6.7}% 82
\BOOKMARK [3][-]{subsubsection.6.7.3.1}{\376\377\0006\000.\0007\000.\0003\000.\0001\000\040\000a\000d\000d\000\050\000\051}{subsection.6.7.3}% 83
\BOOKMARK [3][-]{subsubsection.6.7.3.2}{\376\377\0006\000.\0007\000.\0003\000.\0002\000\040\000a\000d\000d\000\137\000r\000e\000c\000u\000r\000s\000i\000v\000e\000\050\000\051}{subsection.6.7.3}% 84
\BOOKMARK [3][-]{subsubsection.6.7.3.3}{\376\377\0006\000.\0007\000.\0003\000.\0003\000\040\000c\000o\000n\000t\000a\000i\000n\000s\000\050\000\051}{subsection.6.7.3}% 85
\BOOKMARK [3][-]{subsubsection.6.7.3.4}{\376\377\0006\000.\0007\000.\0003\000.\0004\000\040\000r\000e\000m\000o\000v\000e\000\050\000\051}{subsection.6.7.3}% 86
\BOOKMARK [3][-]{subsubsection.6.7.3.5}{\376\377\0006\000.\0007\000.\0003\000.\0005\000\040\000s\000i\000m\000p\000l\000i\000c\000e\000s\000\050\000\051}{subsection.6.7.3}% 87
\BOOKMARK [1][-]{section.6.8}{\376\377\0006\000.\0008\000\040\000c\000o\000r\000e\000:\000:\000C\000u\000b\000i\000c\000a\000l\000C\000o\000m\000p\000l\000e\000x\0003\000D\000\040\000C\000l\000a\000s\000s\000\040\000R\000e\000f\000e\000r\000e\000n\000c\000e}{chapter.6}% 88
\BOOKMARK [2][-]{subsection.6.8.1}{\376\377\0006\000.\0008\000.\0001\000\040\000D\000e\000t\000a\000i\000l\000e\000d\000\040\000D\000e\000s\000c\000r\000i\000p\000t\000i\000o\000n}{section.6.8}% 89
\BOOKMARK [2][-]{subsection.6.8.2}{\376\377\0006\000.\0008\000.\0002\000\040\000M\000e\000m\000b\000e\000r\000\040\000F\000u\000n\000c\000t\000i\000o\000n\000\040\000D\000o\000c\000u\000m\000e\000n\000t\000a\000t\000i\000o\000n}{section.6.8}% 90
\BOOKMARK [3][-]{subsubsection.6.8.2.1}{\376\377\0006\000.\0008\000.\0002\000.\0001\000\040\000r\000e\000d\000u\000c\000e\000\050\000\051}{subsection.6.8.2}% 91
\BOOKMARK [3][-]{subsubsection.6.8.2.2}{\376\377\0006\000.\0008\000.\0002\000.\0002\000\040\000z\0002\000\137\000h\000o\000m\000o\000l\000o\000g\000y\000\050\000\051}{subsection.6.8.2}% 92
\BOOKMARK [3][-]{subsubsection.6.8.2.3}{\376\377\0006\000.\0008\000.\0002\000.\0003\000\040\000z\0003\000\137\000h\000o\000m\000o\000l\000o\000g\000y\000\050\000\051}{subsection.6.8.2}% 93
\BOOKMARK [3][-]{subsubsection.6.8.2.4}{\376\377\0006\000.\0008\000.\0002\000.\0004\000\040\000z\000\137\000h\000o\000m\000o\000l\000o\000g\000y\000\050\000\051}{subsection.6.8.2}% 94
\BOOKMARK [1][-]{section.6.9}{\376\377\0006\000.\0009\000\040\000c\000o\000m\000p\000l\000e\000x\000e\000s\000:\000:\000C\000u\000b\000i\000c\000a\000l\000S\000i\000m\000p\000l\000e\000x\000\040\000C\000l\000a\000s\000s\000\040\000R\000e\000f\000e\000r\000e\000n\000c\000e}{chapter.6}% 95
\BOOKMARK [2][-]{subsection.6.9.1}{\376\377\0006\000.\0009\000.\0001\000\040\000D\000e\000t\000a\000i\000l\000e\000d\000\040\000D\000e\000s\000c\000r\000i\000p\000t\000i\000o\000n}{section.6.9}% 96
\BOOKMARK [2][-]{subsection.6.9.2}{\376\377\0006\000.\0009\000.\0002\000\040\000C\000o\000n\000s\000t\000r\000u\000c\000t\000o\000r\000\040\000\046\000\040\000D\000e\000s\000t\000r\000u\000c\000t\000o\000r\000\040\000D\000o\000c\000u\000m\000e\000n\000t\000a\000t\000i\000o\000n}{section.6.9}% 97
\BOOKMARK [3][-]{subsubsection.6.9.2.1}{\376\377\0006\000.\0009\000.\0002\000.\0001\000\040\000C\000u\000b\000i\000c\000a\000l\000S\000i\000m\000p\000l\000e\000x\000\050\000\051}{subsection.6.9.2}% 98
\BOOKMARK [2][-]{subsection.6.9.3}{\376\377\0006\000.\0009\000.\0003\000\040\000M\000e\000m\000b\000e\000r\000\040\000F\000u\000n\000c\000t\000i\000o\000n\000\040\000D\000o\000c\000u\000m\000e\000n\000t\000a\000t\000i\000o\000n}{section.6.9}% 99
\BOOKMARK [3][-]{subsubsection.6.9.3.1}{\376\377\0006\000.\0009\000.\0003\000.\0001\000\040\000b\000o\000u\000n\000d\000a\000r\000y\000\050\000\051}{subsection.6.9.3}% 100
\BOOKMARK [3][-]{subsubsection.6.9.3.2}{\376\377\0006\000.\0009\000.\0003\000.\0002\000\040\000i\000n\000t\000e\000r\000v\000a\000l\000\050\000\051}{subsection.6.9.3}% 101
\BOOKMARK [3][-]{subsubsection.6.9.3.3}{\376\377\0006\000.\0009\000.\0003\000.\0003\000\040\000o\000p\000e\000r\000a\000t\000o\000r\000<\000=\000>\000\050\000\051}{subsection.6.9.3}% 102
\BOOKMARK [3][-]{subsubsection.6.9.3.4}{\376\377\0006\000.\0009\000.\0003\000.\0004\000\040\000p\000o\000i\000n\000t\000\050\000\051}{subsection.6.9.3}% 103
\BOOKMARK [2][-]{subsection.6.9.4}{\376\377\0006\000.\0009\000.\0004\000\040\000F\000r\000i\000e\000n\000d\000s\000\040\000A\000n\000d\000\040\000R\000e\000l\000a\000t\000e\000d\000\040\000S\000y\000m\000b\000o\000l\000\040\000D\000o\000c\000u\000m\000e\000n\000t\000a\000t\000i\000o\000n}{section.6.9}% 104
\BOOKMARK [3][-]{subsubsection.6.9.4.1}{\376\377\0006\000.\0009\000.\0004\000.\0001\000\040\000p\000r\000o\000d\000u\000c\000t}{subsection.6.9.4}% 105
\BOOKMARK [1][-]{section.6.10}{\376\377\0006\000.\0001\0000\000\040\000a\000l\000g\000e\000b\000r\000a\000:\000:\000D\000i\000v\000R\000e\000s\000u\000l\000t\000<\000\040\000T\000\040\000>\000\040\000S\000t\000r\000u\000c\000t\000\040\000T\000e\000m\000p\000l\000a\000t\000e\000\040\000R\000e\000f\000e\000r\000e\000n\000c\000e}{chapter.6}% 106
\BOOKMARK [2][-]{subsection.6.10.1}{\376\377\0006\000.\0001\0000\000.\0001\000\040\000D\000e\000t\000a\000i\000l\000e\000d\000\040\000D\000e\000s\000c\000r\000i\000p\000t\000i\000o\000n}{section.6.10}% 107
\BOOKMARK [1][-]{section.6.11}{\376\377\0006\000.\0001\0001\000\040\000a\000l\000g\000e\000b\000r\000a\000:\000:\000E\000x\000t\000e\000n\000d\000e\000d\000G\000C\000D\000R\000e\000s\000u\000l\000t\000\040\000S\000t\000r\000u\000c\000t\000\040\000R\000e\000f\000e\000r\000e\000n\000c\000e}{chapter.6}% 108
\BOOKMARK [2][-]{subsection.6.11.1}{\376\377\0006\000.\0001\0001\000.\0001\000\040\000D\000e\000t\000a\000i\000l\000e\000d\000\040\000D\000e\000s\000c\000r\000i\000p\000t\000i\000o\000n}{section.6.11}% 109
\BOOKMARK [1][-]{section.6.12}{\376\377\0006\000.\0001\0002\000\040\000s\000t\000d\000:\000:\000f\000o\000r\000m\000a\000t\000t\000e\000r\000<\000\040\000a\000l\000g\000e\000b\000r\000a\000:\000:\000I\000n\000t\000e\000g\000e\000r\000\040\000>\000\040\000S\000t\000r\000u\000c\000t\000\040\000R\000e\000f\000e\000r\000e\000n\000c\000e}{chapter.6}% 110
\BOOKMARK [2][-]{subsection.6.12.1}{\376\377\0006\000.\0001\0002\000.\0001\000\040\000D\000e\000t\000a\000i\000l\000e\000d\000\040\000D\000e\000s\000c\000r\000i\000p\000t\000i\000o\000n}{section.6.12}% 111
\BOOKMARK [2][-]{subsection.6.12.2}{\376\377\0006\000.\0001\0002\000.\0002\000\040\000M\000e\000m\000b\000e\000r\000\040\000F\000u\000n\000c\000t\000i\000o\000n\000\040\000D\000o\000c\000u\000m\000e\000n\000t\000a\000t\000i\000o\000n}{section.6.12}% 112
\BOOKMARK [3][-]{subsubsection.6.12.2.1}{\376\377\0006\000.\0001\0002\000.\0002\000.\0001\000\040\000f\000o\000r\000m\000a\000t\000\050\000\051}{subsection.6.12.2}% 113
\BOOKMARK [1][-]{section.6.13}{\376\377\0006\000.\0001\0003\000\040\000s\000t\000d\000:\000:\000f\000o\000r\000m\000a\000t\000t\000e\000r\000<\000\040\000a\000l\000g\000e\000b\000r\000a\000:\000:\000M\000a\000t\000r\000i\000x\000<\000\040\000T\000\040\000>\000\040\000>\000\040\000S\000t\000r\000u\000c\000t\000\040\000T\000e\000m\000p\000l\000a\000t\000e\000\040\000R\000e\000f\000e\000r\000e\000n\000c\000e}{chapter.6}% 114
\BOOKMARK [2][-]{subsection.6.13.1}{\376\377\0006\000.\0001\0003\000.\0001\000\040\000D\000e\000t\000a\000i\000l\000e\000d\000\040\000D\000e\000s\000c\000r\000i\000p\000t\000i\000o\000n}{section.6.13}% 115
\BOOKMARK [2][-]{subsection.6.13.2}{\376\377\0006\000.\0001\0003\000.\0002\000\040\000F\000o\000r\000m\000a\000t\000\040\000s\000y\000n\000t\000a\000x}{section.6.13}% 116
\BOOKMARK [2][-]{subsection.6.13.3}{\376\377\0006\000.\0001\0003\000.\0003\000\040\000E\000x\000a\000m\000p\000l\000e}{section.6.13}% 117
\BOOKMARK [2][-]{subsection.6.13.4}{\376\377\0006\000.\0001\0003\000.\0004\000\040\000M\000e\000m\000b\000e\000r\000\040\000F\000u\000n\000c\000t\000i\000o\000n\000\040\000D\000o\000c\000u\000m\000e\000n\000t\000a\000t\000i\000o\000n}{section.6.13}% 118
\BOOKMARK [3][-]{subsubsection.6.13.4.1}{\376\377\0006\000.\0001\0003\000.\0004\000.\0001\000\040\000f\000o\000r\000m\000a\000t\000\050\000\051}{subsection.6.13.4}% 119
\BOOKMARK [1][-]{section.6.14}{\376\377\0006\000.\0001\0004\000\040\000s\000t\000d\000:\000:\000f\000o\000r\000m\000a\000t\000t\000e\000r\000<\000\040\000a\000l\000g\000e\000b\000r\000a\000:\000:\000Z\000M\000o\000d\000P\000<\000\040\000P\000\040\000>\000\040\000>\000\040\000S\000t\000r\000u\000c\000t\000\040\000T\000e\000m\000p\000l\000a\000t\000e\000\040\000R\000e\000f\000e\000r\000e\000n\000c\000e}{chapter.6}% 120
\BOOKMARK [2][-]{subsection.6.14.1}{\376\377\0006\000.\0001\0004\000.\0001\000\040\000D\000e\000t\000a\000i\000l\000e\000d\000\040\000D\000e\000s\000c\000r\000i\000p\000t\000i\000o\000n}{section.6.14}% 121
\BOOKMARK [1][-]{section.6.15}{\376\377\0006\000.\0001\0005\000\040\000s\000t\000d\000:\000:\000f\000o\000r\000m\000a\000t\000t\000e\000r\000<\000\040\000c\000o\000m\000p\000l\000e\000x\000e\000s\000:\000:\000B\000a\000s\000i\000c\000I\000n\000t\000e\000r\000v\000a\000l\000\040\000>\000\040\000S\000t\000r\000u\000c\000t\000\040\000R\000e\000f\000e\000r\000e\000n\000c\000e}{chapter.6}% 122
\BOOKMARK [2][-]{subsection.6.15.1}{\376\377\0006\000.\0001\0005\000.\0001\000\040\000D\000e\000t\000a\000i\000l\000e\000d\000\040\000D\000e\000s\000c\000r\000i\000p\000t\000i\000o\000n}{section.6.15}% 123
\BOOKMARK [2][-]{subsection.6.15.2}{\376\377\0006\000.\0001\0005\000.\0002\000\040\000M\000e\000m\000b\000e\000r\000\040\000F\000u\000n\000c\000t\000i\000o\000n\000\040\000D\000o\000c\000u\000m\000e\000n\000t\000a\000t\000i\000o\000n}{section.6.15}% 124
\BOOKMARK [3][-]{subsubsection.6.15.2.1}{\376\377\0006\000.\0001\0005\000.\0002\000.\0001\000\040\000f\000o\000r\000m\000a\000t\000\050\000\051}{subsection.6.15.2}% 125
\BOOKMARK [1][-]{section.6.16}{\376\377\0006\000.\0001\0006\000\040\000s\000t\000d\000:\000:\000f\000o\000r\000m\000a\000t\000t\000e\000r\000<\000\040\000c\000o\000m\000p\000l\000e\000x\000e\000s\000:\000:\000C\000u\000b\000i\000c\000a\000l\000S\000i\000m\000p\000l\000e\000x\000\040\000>\000\040\000S\000t\000r\000u\000c\000t\000\040\000R\000e\000f\000e\000r\000e\000n\000c\000e}{chapter.6}% 126
\BOOKMARK [2][-]{subsection.6.16.1}{\376\377\0006\000.\0001\0006\000.\0001\000\040\000D\000e\000t\000a\000i\000l\000e\000d\000\040\000D\000e\000s\000c\000r\000i\000p\000t\000i\000o\000n}{section.6.16}% 127
\BOOKMARK [2][-]{subsection.6.16.2}{\376\377\0006\000.\0001\0006\000.\0002\000\040\000M\000e\000m\000b\000e\000r\000\040\000F\000u\000n\000c\000t\000i\000o\000n\000\040\000D\000o\000c\000u\000m\000e\000n\000t\000a\000t\000i\000o\000n}{section.6.16}% 128
\BOOKMARK [3][-]{subsubsection.6.16.2.1}{\376\377\0006\000.\0001\0006\000.\0002\000.\0001\000\040\000f\000o\000r\000m\000a\000t\000\050\000\051}{subsection.6.16.2}% 129
\BOOKMARK [1][-]{section.6.17}{\376\377\0006\000.\0001\0007\000\040\000s\000t\000d\000:\000:\000h\000a\000s\000h\000<\000\040\000c\000o\000m\000p\000l\000e\000x\000e\000s\000:\000:\000B\000a\000s\000i\000c\000I\000n\000t\000e\000r\000v\000a\000l\000\040\000>\000\040\000S\000t\000r\000u\000c\000t\000\040\000R\000e\000f\000e\000r\000e\000n\000c\000e}{chapter.6}% 130
\BOOKMARK [2][-]{subsection.6.17.1}{\376\377\0006\000.\0001\0007\000.\0001\000\040\000D\000e\000t\000a\000i\000l\000e\000d\000\040\000D\000e\000s\000c\000r\000i\000p\000t\000i\000o\000n}{section.6.17}% 131
\BOOKMARK [1][-]{section.6.18}{\376\377\0006\000.\0001\0008\000\040\000s\000t\000d\000:\000:\000h\000a\000s\000h\000<\000\040\000c\000o\000m\000p\000l\000e\000x\000e\000s\000:\000:\000C\000u\000b\000i\000c\000a\000l\000S\000i\000m\000p\000l\000e\000x\000\040\000>\000\040\000S\000t\000r\000u\000c\000t\000\040\000R\000e\000f\000e\000r\000e\000n\000c\000e}{chapter.6}% 132
\BOOKMARK [2][-]{subsection.6.18.1}{\376\377\0006\000.\0001\0008\000.\0001\000\040\000D\000e\000t\000a\000i\000l\000e\000d\000\040\000D\000e\000s\000c\000r\000i\000p\000t\000i\000o\000n}{section.6.18}% 133
\BOOKMARK [1][-]{section.6.19}{\376\377\0006\000.\0001\0009\000\040\000a\000l\000g\000e\000b\000r\000a\000:\000:\000H\000o\000m\000o\000l\000o\000g\000y\000<\000\040\000T\000\040\000>\000\040\000S\000t\000r\000u\000c\000t\000\040\000T\000e\000m\000p\000l\000a\000t\000e\000\040\000R\000e\000f\000e\000r\000e\000n\000c\000e}{chapter.6}% 134
\BOOKMARK [2][-]{subsection.6.19.1}{\376\377\0006\000.\0001\0009\000.\0001\000\040\000D\000e\000t\000a\000i\000l\000e\000d\000\040\000D\000e\000s\000c\000r\000i\000p\000t\000i\000o\000n}{section.6.19}% 135
\BOOKMARK [2][-]{subsection.6.19.2}{\376\377\0006\000.\0001\0009\000.\0002\000\040\000M\000e\000m\000b\000e\000r\000\040\000D\000a\000t\000a\000\040\000D\000o\000c\000u\000m\000e\000n\000t\000a\000t\000i\000o\000n}{section.6.19}% 136
\BOOKMARK [3][-]{subsubsection.6.19.2.1}{\376\377\0006\000.\0001\0009\000.\0002\000.\0001\000\040\000t\000o\000r\000s\000i\000o\000n}{subsection.6.19.2}% 137
\BOOKMARK [1][-]{section.6.20}{\376\377\0006\000.\0002\0000\000\040\000c\000o\000r\000e\000:\000:\000H\000o\000m\000o\000l\000o\000g\000y\000\040\000C\000l\000a\000s\000s\000\040\000R\000e\000f\000e\000r\000e\000n\000c\000e}{chapter.6}% 138
\BOOKMARK [2][-]{subsection.6.20.1}{\376\377\0006\000.\0002\0000\000.\0001\000\040\000D\000e\000t\000a\000i\000l\000e\000d\000\040\000D\000e\000s\000c\000r\000i\000p\000t\000i\000o\000n}{section.6.20}% 139
\BOOKMARK [2][-]{subsection.6.20.2}{\376\377\0006\000.\0002\0000\000.\0002\000\040\000C\000o\000n\000s\000t\000r\000u\000c\000t\000o\000r\000\040\000\046\000\040\000D\000e\000s\000t\000r\000u\000c\000t\000o\000r\000\040\000D\000o\000c\000u\000m\000e\000n\000t\000a\000t\000i\000o\000n}{section.6.20}% 140
\BOOKMARK [3][-]{subsubsection.6.20.2.1}{\376\377\0006\000.\0002\0000\000.\0002\000.\0001\000\040\000H\000o\000m\000o\000l\000o\000g\000y\000\050\000\051}{subsection.6.20.2}% 141
\BOOKMARK [2][-]{subsection.6.20.3}{\376\377\0006\000.\0002\0000\000.\0003\000\040\000M\000e\000m\000b\000e\000r\000\040\000F\000u\000n\000c\000t\000i\000o\000n\000\040\000D\000o\000c\000u\000m\000e\000n\000t\000a\000t\000i\000o\000n}{section.6.20}% 142
\BOOKMARK [3][-]{subsubsection.6.20.3.1}{\376\377\0006\000.\0002\0000\000.\0003\000.\0001\000\040\000b\000e\000t\000t\000i\000\137\000n\000u\000m\000b\000e\000r\000s\000\050\000\051}{subsection.6.20.3}% 143
\BOOKMARK [3][-]{subsubsection.6.20.3.2}{\376\377\0006\000.\0002\0000\000.\0003\000.\0002\000\040\000s\000e\000l\000e\000c\000t\000\137\000s\000t\000r\000a\000t\000e\000g\000y\000\050\000\051}{subsection.6.20.3}% 144
\BOOKMARK [3][-]{subsubsection.6.20.3.3}{\376\377\0006\000.\0002\0000\000.\0003\000.\0003\000\040\000t\000e\000x\000t\000\050\000\051}{subsection.6.20.3}% 145
\BOOKMARK [3][-]{subsubsection.6.20.3.4}{\376\377\0006\000.\0002\0000\000.\0003\000.\0004\000\040\000t\000o\000r\000s\000i\000o\000n\000\050\000\051}{subsection.6.20.3}% 146
\BOOKMARK [1][-]{section.6.21}{\376\377\0006\000.\0002\0001\000\040\000c\000o\000r\000e\000:\000:\000H\000o\000m\000o\000l\000o\000g\000y\000L\000a\000t\000e\000x\000P\000r\000i\000n\000t\000\040\000C\000l\000a\000s\000s\000\040\000R\000e\000f\000e\000r\000e\000n\000c\000e}{chapter.6}% 147
\BOOKMARK [2][-]{subsection.6.21.1}{\376\377\0006\000.\0002\0001\000.\0001\000\040\000D\000e\000t\000a\000i\000l\000e\000d\000\040\000D\000e\000s\000c\000r\000i\000p\000t\000i\000o\000n}{section.6.21}% 148
\BOOKMARK [2][-]{subsection.6.21.2}{\376\377\0006\000.\0002\0001\000.\0002\000\040\000C\000o\000n\000s\000t\000r\000u\000c\000t\000o\000r\000\040\000\046\000\040\000D\000e\000s\000t\000r\000u\000c\000t\000o\000r\000\040\000D\000o\000c\000u\000m\000e\000n\000t\000a\000t\000i\000o\000n}{section.6.21}% 149
\BOOKMARK [3][-]{subsubsection.6.21.2.1}{\376\377\0006\000.\0002\0001\000.\0002\000.\0001\000\040\000H\000o\000m\000o\000l\000o\000g\000y\000L\000a\000t\000e\000x\000P\000r\000i\000n\000t\000\050\000\051}{subsection.6.21.2}% 150
\BOOKMARK [2][-]{subsection.6.21.3}{\376\377\0006\000.\0002\0001\000.\0003\000\040\000M\000e\000m\000b\000e\000r\000\040\000F\000u\000n\000c\000t\000i\000o\000n\000\040\000D\000o\000c\000u\000m\000e\000n\000t\000a\000t\000i\000o\000n}{section.6.21}% 151
\BOOKMARK [3][-]{subsubsection.6.21.3.1}{\376\377\0006\000.\0002\0001\000.\0003\000.\0001\000\040\000d\000r\000a\000w\000\050\000\051}{subsection.6.21.3}% 152
\BOOKMARK [1][-]{section.6.22}{\376\377\0006\000.\0002\0002\000\040\000c\000o\000r\000e\000:\000:\000H\000o\000m\000o\000l\000o\000g\000y\000P\000r\000i\000n\000t\000i\000n\000g\000S\000t\000r\000a\000t\000e\000g\000y\000\040\000C\000l\000a\000s\000s\000\040\000R\000e\000f\000e\000r\000e\000n\000c\000e}{chapter.6}% 153
\BOOKMARK [2][-]{subsection.6.22.1}{\376\377\0006\000.\0002\0002\000.\0001\000\040\000D\000e\000t\000a\000i\000l\000e\000d\000\040\000D\000e\000s\000c\000r\000i\000p\000t\000i\000o\000n}{section.6.22}% 154
\BOOKMARK [2][-]{subsection.6.22.2}{\376\377\0006\000.\0002\0002\000.\0002\000\040\000M\000e\000m\000b\000e\000r\000\040\000F\000u\000n\000c\000t\000i\000o\000n\000\040\000D\000o\000c\000u\000m\000e\000n\000t\000a\000t\000i\000o\000n}{section.6.22}% 155
\BOOKMARK [3][-]{subsubsection.6.22.2.1}{\376\377\0006\000.\0002\0002\000.\0002\000.\0001\000\040\000d\000r\000a\000w\000\050\000\051}{subsection.6.22.2}% 156
\BOOKMARK [1][-]{section.6.23}{\376\377\0006\000.\0002\0003\000\040\000c\000o\000r\000e\000:\000:\000H\000o\000m\000o\000l\000o\000g\000y\000R\000a\000w\000P\000r\000i\000n\000t\000\040\000C\000l\000a\000s\000s\000\040\000R\000e\000f\000e\000r\000e\000n\000c\000e}{chapter.6}% 157
\BOOKMARK [2][-]{subsection.6.23.1}{\376\377\0006\000.\0002\0003\000.\0001\000\040\000D\000e\000t\000a\000i\000l\000e\000d\000\040\000D\000e\000s\000c\000r\000i\000p\000t\000i\000o\000n}{section.6.23}% 158
\BOOKMARK [2][-]{subsection.6.23.2}{\376\377\0006\000.\0002\0003\000.\0002\000\040\000M\000e\000m\000b\000e\000r\000\040\000F\000u\000n\000c\000t\000i\000o\000n\000\040\000D\000o\000c\000u\000m\000e\000n\000t\000a\000t\000i\000o\000n}{section.6.23}% 159
\BOOKMARK [3][-]{subsubsection.6.23.2.1}{\376\377\0006\000.\0002\0003\000.\0002\000.\0001\000\040\000d\000r\000a\000w\000\050\000\051}{subsection.6.23.2}% 160
\BOOKMARK [1][-]{section.6.24}{\376\377\0006\000.\0002\0004\000\040\000a\000l\000g\000e\000b\000r\000a\000:\000:\000I\000n\000t\000e\000g\000e\000r\000\040\000C\000l\000a\000s\000s\000\040\000R\000e\000f\000e\000r\000e\000n\000c\000e}{chapter.6}% 161
\BOOKMARK [2][-]{subsection.6.24.1}{\376\377\0006\000.\0002\0004\000.\0001\000\040\000D\000e\000t\000a\000i\000l\000e\000d\000\040\000D\000e\000s\000c\000r\000i\000p\000t\000i\000o\000n}{section.6.24}% 162
\BOOKMARK [2][-]{subsection.6.24.2}{\376\377\0006\000.\0002\0004\000.\0002\000\040\000M\000e\000m\000b\000e\000r\000\040\000F\000u\000n\000c\000t\000i\000o\000n\000\040\000D\000o\000c\000u\000m\000e\000n\000t\000a\000t\000i\000o\000n}{section.6.24}% 163
\BOOKMARK [3][-]{subsubsection.6.24.2.1}{\376\377\0006\000.\0002\0004\000.\0002\000.\0001\000\040\000e\000u\000c\000l\000i\000d\000e\000a\000n\000\137\000f\000u\000n\000c\000t\000i\000o\000n\000\050\000\051}{subsection.6.24.2}% 164
\BOOKMARK [1][-]{section.6.25}{\376\377\0006\000.\0002\0005\000\040\000c\000o\000r\000e\000:\000:\000L\000a\000t\000e\000x\000W\000r\000a\000p\000p\000e\000r\000\040\000C\000l\000a\000s\000s\000\040\000R\000e\000f\000e\000r\000e\000n\000c\000e}{chapter.6}% 165
\BOOKMARK [2][-]{subsection.6.25.1}{\376\377\0006\000.\0002\0005\000.\0001\000\040\000D\000e\000t\000a\000i\000l\000e\000d\000\040\000D\000e\000s\000c\000r\000i\000p\000t\000i\000o\000n}{section.6.25}% 166
\BOOKMARK [2][-]{subsection.6.25.2}{\376\377\0006\000.\0002\0005\000.\0002\000\040\000M\000e\000m\000b\000e\000r\000\040\000F\000u\000n\000c\000t\000i\000o\000n\000\040\000D\000o\000c\000u\000m\000e\000n\000t\000a\000t\000i\000o\000n}{section.6.25}% 167
\BOOKMARK [3][-]{subsubsection.6.25.2.1}{\376\377\0006\000.\0002\0005\000.\0002\000.\0001\000\040\000t\000e\000x\000t\000\050\000\051}{subsection.6.25.2}% 168
\BOOKMARK [1][-]{section.6.26}{\376\377\0006\000.\0002\0006\000\040\000c\000o\000r\000e\000:\000:\000M\000a\000n\000a\000g\000e\000r\000\040\000C\000l\000a\000s\000s\000\040\000R\000e\000f\000e\000r\000e\000n\000c\000e}{chapter.6}% 169
\BOOKMARK [2][-]{subsection.6.26.1}{\376\377\0006\000.\0002\0006\000.\0001\000\040\000D\000e\000t\000a\000i\000l\000e\000d\000\040\000D\000e\000s\000c\000r\000i\000p\000t\000i\000o\000n}{section.6.26}% 170
\BOOKMARK [2][-]{subsection.6.26.2}{\376\377\0006\000.\0002\0006\000.\0002\000\040\000M\000e\000m\000b\000e\000r\000\040\000F\000u\000n\000c\000t\000i\000o\000n\000\040\000D\000o\000c\000u\000m\000e\000n\000t\000a\000t\000i\000o\000n}{section.6.26}% 171
\BOOKMARK [3][-]{subsubsection.6.26.2.1}{\376\377\0006\000.\0002\0006\000.\0002\000.\0001\000\040\000r\000u\000n\000\050\000\051}{subsection.6.26.2}% 172
\BOOKMARK [1][-]{section.6.27}{\376\377\0006\000.\0002\0007\000\040\000a\000l\000g\000e\000b\000r\000a\000:\000:\000M\000a\000t\000r\000i\000x\000<\000\040\000T\000\040\000>\000\040\000C\000l\000a\000s\000s\000\040\000T\000e\000m\000p\000l\000a\000t\000e\000\040\000R\000e\000f\000e\000r\000e\000n\000c\000e}{chapter.6}% 173
\BOOKMARK [2][-]{subsection.6.27.1}{\376\377\0006\000.\0002\0007\000.\0001\000\040\000D\000e\000t\000a\000i\000l\000e\000d\000\040\000D\000e\000s\000c\000r\000i\000p\000t\000i\000o\000n}{section.6.27}% 174
\BOOKMARK [2][-]{subsection.6.27.2}{\376\377\0006\000.\0002\0007\000.\0002\000\040\000C\000o\000n\000s\000t\000r\000u\000c\000t\000o\000r\000\040\000\046\000\040\000D\000e\000s\000t\000r\000u\000c\000t\000o\000r\000\040\000D\000o\000c\000u\000m\000e\000n\000t\000a\000t\000i\000o\000n}{section.6.27}% 175
\BOOKMARK [3][-]{subsubsection.6.27.2.1}{\376\377\0006\000.\0002\0007\000.\0002\000.\0001\000\040\000M\000a\000t\000r\000i\000x\000\050\000\051}{subsection.6.27.2}% 176
\BOOKMARK [2][-]{subsection.6.27.3}{\376\377\0006\000.\0002\0007\000.\0003\000\040\000M\000e\000m\000b\000e\000r\000\040\000F\000u\000n\000c\000t\000i\000o\000n\000\040\000D\000o\000c\000u\000m\000e\000n\000t\000a\000t\000i\000o\000n}{section.6.27}% 177
\BOOKMARK [3][-]{subsubsection.6.27.3.1}{\376\377\0006\000.\0002\0007\000.\0003\000.\0001\000\040\000a\000t\000\050\000\051\000\040\000[\0001\000/\0002\000]}{subsection.6.27.3}% 178
\BOOKMARK [3][-]{subsubsection.6.27.3.2}{\376\377\0006\000.\0002\0007\000.\0003\000.\0002\000\040\000a\000t\000\050\000\051\000\040\000[\0002\000/\0002\000]}{subsection.6.27.3}% 179
\BOOKMARK [3][-]{subsubsection.6.27.3.3}{\376\377\0006\000.\0002\0007\000.\0003\000.\0003\000\040\000o\000p\000e\000r\000a\000t\000o\000r\000*\000=\000\050\000\051}{subsection.6.27.3}% 180
\BOOKMARK [3][-]{subsubsection.6.27.3.4}{\376\377\0006\000.\0002\0007\000.\0003\000.\0004\000\040\000o\000p\000e\000r\000a\000t\000o\000r\000[\000]\000\050\000\051\000\040\000[\0001\000/\0002\000]}{subsection.6.27.3}% 181
\BOOKMARK [3][-]{subsubsection.6.27.3.5}{\376\377\0006\000.\0002\0007\000.\0003\000.\0005\000\040\000o\000p\000e\000r\000a\000t\000o\000r\000[\000]\000\050\000\051\000\040\000[\0002\000/\0002\000]}{subsection.6.27.3}% 182
\BOOKMARK [1][-]{section.6.28}{\376\377\0006\000.\0002\0008\000\040\000c\000o\000r\000e\000:\000:\000M\000i\000n\000e\000c\000r\000a\000f\000t\000C\000o\000o\000r\000d\000i\000n\000a\000t\000e\000s\000\040\000S\000t\000r\000u\000c\000t\000\040\000R\000e\000f\000e\000r\000e\000n\000c\000e}{chapter.6}% 183
\BOOKMARK [2][-]{subsection.6.28.1}{\376\377\0006\000.\0002\0008\000.\0001\000\040\000D\000e\000t\000a\000i\000l\000e\000d\000\040\000D\000e\000s\000c\000r\000i\000p\000t\000i\000o\000n}{section.6.28}% 184
\BOOKMARK [1][-]{section.6.29}{\376\377\0006\000.\0002\0009\000\040\000c\000o\000r\000e\000:\000:\000M\000i\000n\000e\000c\000r\000a\000f\000t\000S\000a\000v\000e\000f\000i\000l\000e\000P\000a\000r\000s\000e\000r\000\040\000C\000l\000a\000s\000s\000\040\000R\000e\000f\000e\000r\000e\000n\000c\000e}{chapter.6}% 185
\BOOKMARK [2][-]{subsection.6.29.1}{\376\377\0006\000.\0002\0009\000.\0001\000\040\000D\000e\000t\000a\000i\000l\000e\000d\000\040\000D\000e\000s\000c\000r\000i\000p\000t\000i\000o\000n}{section.6.29}% 186
\BOOKMARK [2][-]{subsection.6.29.2}{\376\377\0006\000.\0002\0009\000.\0002\000\040\000M\000e\000m\000b\000e\000r\000\040\000F\000u\000n\000c\000t\000i\000o\000n\000\040\000D\000o\000c\000u\000m\000e\000n\000t\000a\000t\000i\000o\000n}{section.6.29}% 187
\BOOKMARK [3][-]{subsubsection.6.29.2.1}{\376\377\0006\000.\0002\0009\000.\0002\000.\0001\000\040\000p\000a\000r\000s\000e\000\050\000\051}{subsection.6.29.2}% 188
\BOOKMARK [1][-]{section.6.30}{\376\377\0006\000.\0003\0000\000\040\000c\000o\000r\000e\000:\000:\000M\000i\000n\000e\000c\000r\000a\000f\000t\000S\000a\000v\000e\000f\000i\000l\000e\000P\000a\000r\000s\000e\000r\000\137\000m\000c\000S\000a\000v\000e\000f\000i\000l\000e\000P\000a\000r\000s\000e\000r\000s\000\040\000C\000l\000a\000s\000s\000\040\000R\000e\000f\000e\000r\000e\000n\000c\000e}{chapter.6}% 189
\BOOKMARK [2][-]{subsection.6.30.1}{\376\377\0006\000.\0003\0000\000.\0001\000\040\000D\000e\000t\000a\000i\000l\000e\000d\000\040\000D\000e\000s\000c\000r\000i\000p\000t\000i\000o\000n}{section.6.30}% 190
\BOOKMARK [2][-]{subsection.6.30.2}{\376\377\0006\000.\0003\0000\000.\0002\000\040\000M\000e\000m\000b\000e\000r\000\040\000F\000u\000n\000c\000t\000i\000o\000n\000\040\000D\000o\000c\000u\000m\000e\000n\000t\000a\000t\000i\000o\000n}{section.6.30}% 191
\BOOKMARK [3][-]{subsubsection.6.30.2.1}{\376\377\0006\000.\0003\0000\000.\0002\000.\0001\000\040\000p\000a\000r\000s\000e\000\050\000\051}{subsection.6.30.2}% 192
\BOOKMARK [1][-]{section.6.31}{\376\377\0006\000.\0003\0001\000\040\000c\000o\000r\000e\000:\000:\000P\000o\000l\000y\000m\000o\000r\000p\000h\000i\000c\000<\000\040\000T\000\040\000>\000:\000:\000M\000o\000d\000e\000l\000<\000\040\000O\000b\000j\000e\000c\000t\000\040\000>\000\040\000S\000t\000r\000u\000c\000t\000\040\000T\000e\000m\000p\000l\000a\000t\000e\000\040\000R\000e\000f\000e\000r\000e\000n\000c\000e}{chapter.6}% 193
\BOOKMARK [2][-]{subsection.6.31.1}{\376\377\0006\000.\0003\0001\000.\0001\000\040\000D\000e\000t\000a\000i\000l\000e\000d\000\040\000D\000e\000s\000c\000r\000i\000p\000t\000i\000o\000n}{section.6.31}% 194
\BOOKMARK [2][-]{subsection.6.31.2}{\376\377\0006\000.\0003\0001\000.\0002\000\040\000M\000e\000m\000b\000e\000r\000\040\000F\000u\000n\000c\000t\000i\000o\000n\000\040\000D\000o\000c\000u\000m\000e\000n\000t\000a\000t\000i\000o\000n}{section.6.31}% 195
\BOOKMARK [3][-]{subsubsection.6.31.2.1}{\376\377\0006\000.\0003\0001\000.\0002\000.\0001\000\040\000c\000l\000o\000n\000e\000\050\000\051}{subsection.6.31.2}% 196
\BOOKMARK [3][-]{subsubsection.6.31.2.2}{\376\377\0006\000.\0003\0001\000.\0002\000.\0002\000\040\000g\000e\000t\000\137\000a\000d\000d\000r\000e\000s\000s\000\050\000\051\000\040\000[\0001\000/\0002\000]}{subsection.6.31.2}% 197
\BOOKMARK [3][-]{subsubsection.6.31.2.3}{\376\377\0006\000.\0003\0001\000.\0002\000.\0003\000\040\000g\000e\000t\000\137\000a\000d\000d\000r\000e\000s\000s\000\050\000\051\000\040\000[\0002\000/\0002\000]}{subsection.6.31.2}% 198
\BOOKMARK [1][-]{section.6.32}{\376\377\0006\000.\0003\0002\000\040\000c\000o\000r\000e\000:\000:\000O\000p\000t\000i\000o\000n\000s\000\040\000C\000l\000a\000s\000s\000\040\000R\000e\000f\000e\000r\000e\000n\000c\000e}{chapter.6}% 199
\BOOKMARK [2][-]{subsection.6.32.1}{\376\377\0006\000.\0003\0002\000.\0001\000\040\000D\000e\000t\000a\000i\000l\000e\000d\000\040\000D\000e\000s\000c\000r\000i\000p\000t\000i\000o\000n}{section.6.32}% 200
\BOOKMARK [2][-]{subsection.6.32.2}{\376\377\0006\000.\0003\0002\000.\0002\000\040\000M\000e\000m\000b\000e\000r\000\040\000F\000u\000n\000c\000t\000i\000o\000n\000\040\000D\000o\000c\000u\000m\000e\000n\000t\000a\000t\000i\000o\000n}{section.6.32}% 201
\BOOKMARK [3][-]{subsubsection.6.32.2.1}{\376\377\0006\000.\0003\0002\000.\0002\000.\0001\000\040\000f\000i\000l\000e\000n\000a\000m\000e\000\050\000\051}{subsection.6.32.2}% 202
\BOOKMARK [3][-]{subsubsection.6.32.2.2}{\376\377\0006\000.\0003\0002\000.\0002\000.\0002\000\040\000h\000e\000l\000p\000\050\000\051}{subsection.6.32.2}% 203
\BOOKMARK [3][-]{subsubsection.6.32.2.3}{\376\377\0006\000.\0003\0002\000.\0002\000.\0003\000\040\000h\000o\000m\000o\000l\000o\000g\000y\000\137\000t\000o\000\137\000c\000o\000m\000p\000u\000t\000e\000\050\000\051}{subsection.6.32.2}% 204
\BOOKMARK [3][-]{subsubsection.6.32.2.4}{\376\377\0006\000.\0003\0002\000.\0002\000.\0004\000\040\000l\000a\000t\000e\000x\000\050\000\051}{subsection.6.32.2}% 205
\BOOKMARK [3][-]{subsubsection.6.32.2.5}{\376\377\0006\000.\0003\0002\000.\0002\000.\0005\000\040\000x\000\137\000b\000o\000u\000n\000d\000s\000\050\000\051}{subsection.6.32.2}% 206
\BOOKMARK [3][-]{subsubsection.6.32.2.6}{\376\377\0006\000.\0003\0002\000.\0002\000.\0006\000\040\000y\000\137\000b\000o\000u\000n\000d\000s\000\050\000\051}{subsection.6.32.2}% 207
\BOOKMARK [3][-]{subsubsection.6.32.2.7}{\376\377\0006\000.\0003\0002\000.\0002\000.\0007\000\040\000z\000\137\000b\000o\000u\000n\000d\000s\000\050\000\051}{subsection.6.32.2}% 208
\BOOKMARK [1][-]{section.6.33}{\376\377\0006\000.\0003\0003\000\040\000c\000o\000r\000e\000:\000:\000P\000o\000l\000y\000m\000o\000r\000p\000h\000i\000c\000<\000\040\000T\000\040\000>\000\040\000C\000l\000a\000s\000s\000\040\000T\000e\000m\000p\000l\000a\000t\000e\000\040\000R\000e\000f\000e\000r\000e\000n\000c\000e}{chapter.6}% 209
\BOOKMARK [2][-]{subsection.6.33.1}{\376\377\0006\000.\0003\0003\000.\0001\000\040\000D\000e\000t\000a\000i\000l\000e\000d\000\040\000D\000e\000s\000c\000r\000i\000p\000t\000i\000o\000n}{section.6.33}% 210
\BOOKMARK [1][-]{section.6.34}{\376\377\0006\000.\0003\0004\000\040\000a\000l\000g\000e\000b\000r\000a\000:\000:\000R\000o\000w\000E\000c\000h\000e\000l\000o\000n\000F\000o\000r\000m\000R\000e\000s\000u\000l\000t\000<\000\040\000T\000\040\000>\000\040\000S\000t\000r\000u\000c\000t\000\040\000T\000e\000m\000p\000l\000a\000t\000e\000\040\000R\000e\000f\000e\000r\000e\000n\000c\000e}{chapter.6}% 211
\BOOKMARK [2][-]{subsection.6.34.1}{\376\377\0006\000.\0003\0004\000.\0001\000\040\000D\000e\000t\000a\000i\000l\000e\000d\000\040\000D\000e\000s\000c\000r\000i\000p\000t\000i\000o\000n}{section.6.34}% 212
\BOOKMARK [1][-]{section.6.35}{\376\377\0006\000.\0003\0005\000\040\000a\000l\000g\000e\000b\000r\000a\000:\000:\000S\000k\000i\000p\000C\000o\000r\000r\000e\000c\000t\000n\000e\000s\000s\000C\000h\000e\000c\000k\000T\000\040\000S\000t\000r\000u\000c\000t\000\040\000R\000e\000f\000e\000r\000e\000n\000c\000e}{chapter.6}% 213
\BOOKMARK [2][-]{subsection.6.35.1}{\376\377\0006\000.\0003\0005\000.\0001\000\040\000D\000e\000t\000a\000i\000l\000e\000d\000\040\000D\000e\000s\000c\000r\000i\000p\000t\000i\000o\000n}{section.6.35}% 214
\BOOKMARK [1][-]{section.6.36}{\376\377\0006\000.\0003\0006\000\040\000a\000l\000g\000e\000b\000r\000a\000:\000:\000S\000m\000i\000t\000h\000F\000o\000r\000m\000R\000e\000s\000u\000l\000t\000<\000\040\000T\000\040\000>\000\040\000S\000t\000r\000u\000c\000t\000\040\000T\000e\000m\000p\000l\000a\000t\000e\000\040\000R\000e\000f\000e\000r\000e\000n\000c\000e}{chapter.6}% 215
\BOOKMARK [2][-]{subsection.6.36.1}{\376\377\0006\000.\0003\0006\000.\0001\000\040\000D\000e\000t\000a\000i\000l\000e\000d\000\040\000D\000e\000s\000c\000r\000i\000p\000t\000i\000o\000n}{section.6.36}% 216
\BOOKMARK [1][-]{section.6.37}{\376\377\0006\000.\0003\0007\000\040\000c\000o\000r\000e\000:\000:\000T\000e\000x\000t\000D\000r\000a\000w\000a\000b\000l\000e\000\040\000C\000l\000a\000s\000s\000\040\000R\000e\000f\000e\000r\000e\000n\000c\000e}{chapter.6}% 217
\BOOKMARK [2][-]{subsection.6.37.1}{\376\377\0006\000.\0003\0007\000.\0001\000\040\000D\000e\000t\000a\000i\000l\000e\000d\000\040\000D\000e\000s\000c\000r\000i\000p\000t\000i\000o\000n}{section.6.37}% 218
\BOOKMARK [2][-]{subsection.6.37.2}{\376\377\0006\000.\0003\0007\000.\0002\000\040\000M\000e\000m\000b\000e\000r\000\040\000F\000u\000n\000c\000t\000i\000o\000n\000\040\000D\000o\000c\000u\000m\000e\000n\000t\000a\000t\000i\000o\000n}{section.6.37}% 219
\BOOKMARK [3][-]{subsubsection.6.37.2.1}{\376\377\0006\000.\0003\0007\000.\0002\000.\0001\000\040\000t\000e\000x\000t\000\050\000\051}{subsection.6.37.2}% 220
\BOOKMARK [1][-]{section.6.38}{\376\377\0006\000.\0003\0008\000\040\000a\000l\000g\000e\000b\000r\000a\000:\000:\000Z\000M\000o\000d\000P\000<\000\040\000P\000\040\000>\000\040\000C\000l\000a\000s\000s\000\040\000T\000e\000m\000p\000l\000a\000t\000e\000\040\000R\000e\000f\000e\000r\000e\000n\000c\000e}{chapter.6}% 221
\BOOKMARK [2][-]{subsection.6.38.1}{\376\377\0006\000.\0003\0008\000.\0001\000\040\000D\000e\000t\000a\000i\000l\000e\000d\000\040\000D\000e\000s\000c\000r\000i\000p\000t\000i\000o\000n}{section.6.38}% 222
\BOOKMARK [2][-]{subsection.6.38.2}{\376\377\0006\000.\0003\0008\000.\0002\000\040\000M\000e\000m\000b\000e\000r\000\040\000F\000u\000n\000c\000t\000i\000o\000n\000\040\000D\000o\000c\000u\000m\000e\000n\000t\000a\000t\000i\000o\000n}{section.6.38}% 223
\BOOKMARK [3][-]{subsubsection.6.38.2.1}{\376\377\0006\000.\0003\0008\000.\0002\000.\0001\000\040\000e\000u\000c\000l\000i\000d\000e\000a\000n\000\137\000f\000u\000n\000c\000t\000i\000o\000n\000\050\000\051}{subsection.6.38.2}% 224
\BOOKMARK [1][-]{section.6.39}{\376\377\0006\000.\0003\0009\000\040\000a\000l\000g\000e\000b\000r\000a\000:\000:\000Z\000M\000o\000d\000P\000<\000\040\0002\000\040\000>\000\040\000C\000l\000a\000s\000s\000\040\000R\000e\000f\000e\000r\000e\000n\000c\000e}{chapter.6}% 225
\BOOKMARK [2][-]{subsection.6.39.1}{\376\377\0006\000.\0003\0009\000.\0001\000\040\000D\000e\000t\000a\000i\000l\000e\000d\000\040\000D\000e\000s\000c\000r\000i\000p\000t\000i\000o\000n}{section.6.39}% 226
\BOOKMARK [2][-]{subsection.6.39.2}{\376\377\0006\000.\0003\0009\000.\0002\000\040\000M\000e\000m\000b\000e\000r\000\040\000F\000u\000n\000c\000t\000i\000o\000n\000\040\000D\000o\000c\000u\000m\000e\000n\000t\000a\000t\000i\000o\000n}{section.6.39}% 227
\BOOKMARK [3][-]{subsubsection.6.39.2.1}{\376\377\0006\000.\0003\0009\000.\0002\000.\0001\000\040\000e\000u\000c\000l\000i\000d\000e\000a\000n\000\137\000f\000u\000n\000c\000t\000i\000o\000n\000\050\000\051}{subsection.6.39.2}% 228
\BOOKMARK [0][-]{chapter.7}{\376\377\0007\000\040\000F\000i\000l\000e\000\040\000D\000o\000c\000u\000m\000e\000n\000t\000a\000t\000i\000o\000n}{}% 229
\BOOKMARK [1][-]{section.7.1}{\376\377\0007\000.\0001\000\040\000m\000c\000-\000h\000o\000m\000o\000l\000o\000g\000y\000/\000a\000l\000g\000e\000b\000r\000a\000/\000i\000n\000c\000l\000u\000d\000e\000/\000a\000l\000g\000e\000b\000r\000a\000/\000a\000l\000g\000e\000b\000r\000a\000i\000c\000\137\000c\000o\000n\000c\000e\000p\000t\000s\000.\000h\000\040\000F\000i\000l\000e\000\040\000R\000e\000f\000e\000r\000e\000n\000c\000e}{chapter.7}% 230
\BOOKMARK [2][-]{subsection.7.1.1}{\376\377\0007\000.\0001\000.\0001\000\040\000D\000e\000t\000a\000i\000l\000e\000d\000\040\000D\000e\000s\000c\000r\000i\000p\000t\000i\000o\000n}{section.7.1}% 231
\BOOKMARK [1][-]{section.7.2}{\376\377\0007\000.\0002\000\040\000a\000l\000g\000e\000b\000r\000a\000i\000c\000\137\000c\000o\000n\000c\000e\000p\000t\000s\000.\000h}{chapter.7}% 232
\BOOKMARK [1][-]{section.7.3}{\376\377\0007\000.\0003\000\040\000m\000c\000-\000h\000o\000m\000o\000l\000o\000g\000y\000/\000a\000l\000g\000e\000b\000r\000a\000/\000i\000n\000c\000l\000u\000d\000e\000/\000a\000l\000g\000e\000b\000r\000a\000/\000c\000h\000a\000i\000n\000\137\000c\000o\000m\000p\000l\000e\000x\000.\000h\000\040\000F\000i\000l\000e\000\040\000R\000e\000f\000e\000r\000e\000n\000c\000e}{chapter.7}% 233
\BOOKMARK [2][-]{subsection.7.3.1}{\376\377\0007\000.\0003\000.\0001\000\040\000D\000e\000t\000a\000i\000l\000e\000d\000\040\000D\000e\000s\000c\000r\000i\000p\000t\000i\000o\000n}{section.7.3}% 234
\BOOKMARK [1][-]{section.7.4}{\376\377\0007\000.\0004\000\040\000c\000h\000a\000i\000n\000\137\000c\000o\000m\000p\000l\000e\000x\000.\000h}{chapter.7}% 235
\BOOKMARK [1][-]{section.7.5}{\376\377\0007\000.\0005\000\040\000m\000c\000-\000h\000o\000m\000o\000l\000o\000g\000y\000/\000a\000l\000g\000e\000b\000r\000a\000/\000i\000n\000c\000l\000u\000d\000e\000/\000a\000l\000g\000e\000b\000r\000a\000/\000i\000n\000t\000e\000g\000e\000r\000.\000h\000\040\000F\000i\000l\000e\000\040\000R\000e\000f\000e\000r\000e\000n\000c\000e}{chapter.7}% 236
\BOOKMARK [2][-]{subsection.7.5.1}{\376\377\0007\000.\0005\000.\0001\000\040\000D\000e\000t\000a\000i\000l\000e\000d\000\040\000D\000e\000s\000c\000r\000i\000p\000t\000i\000o\000n}{section.7.5}% 237
\BOOKMARK [2][-]{subsection.7.5.2}{\376\377\0007\000.\0005\000.\0002\000\040\000F\000u\000n\000c\000t\000i\000o\000n\000\040\000D\000o\000c\000u\000m\000e\000n\000t\000a\000t\000i\000o\000n}{section.7.5}% 238
\BOOKMARK [3][-]{subsubsection.7.5.2.1}{\376\377\0007\000.\0005\000.\0002\000.\0001\000\040\000d\000i\000v\000i\000d\000e\000\050\000\051}{subsection.7.5.2}% 239
\BOOKMARK [3][-]{subsubsection.7.5.2.2}{\376\377\0007\000.\0005\000.\0002\000.\0002\000\040\000m\000o\000d\000u\000l\000o\000\050\000\051}{subsection.7.5.2}% 240
\BOOKMARK [1][-]{section.7.6}{\376\377\0007\000.\0006\000\040\000i\000n\000t\000e\000g\000e\000r\000.\000h}{chapter.7}% 241
\BOOKMARK [1][-]{section.7.7}{\376\377\0007\000.\0007\000\040\000m\000c\000-\000h\000o\000m\000o\000l\000o\000g\000y\000/\000a\000l\000g\000e\000b\000r\000a\000/\000i\000n\000c\000l\000u\000d\000e\000/\000a\000l\000g\000e\000b\000r\000a\000/\000m\000a\000t\000r\000i\000x\000.\000h\000\040\000F\000i\000l\000e\000\040\000R\000e\000f\000e\000r\000e\000n\000c\000e}{chapter.7}% 242
\BOOKMARK [2][-]{subsection.7.7.1}{\376\377\0007\000.\0007\000.\0001\000\040\000D\000e\000t\000a\000i\000l\000e\000d\000\040\000D\000e\000s\000c\000r\000i\000p\000t\000i\000o\000n}{section.7.7}% 243
\BOOKMARK [2][-]{subsection.7.7.2}{\376\377\0007\000.\0007\000.\0002\000\040\000F\000u\000n\000c\000t\000i\000o\000n\000\040\000D\000o\000c\000u\000m\000e\000n\000t\000a\000t\000i\000o\000n}{section.7.7}% 244
\BOOKMARK [3][-]{subsubsection.7.7.2.1}{\376\377\0007\000.\0007\000.\0002\000.\0001\000\040\000o\000p\000e\000r\000a\000t\000o\000r\000*\000\050\000\051}{subsection.7.7.2}% 245
\BOOKMARK [1][-]{section.7.8}{\376\377\0007\000.\0008\000\040\000m\000a\000t\000r\000i\000x\000.\000h}{chapter.7}% 246
\BOOKMARK [1][-]{section.7.9}{\376\377\0007\000.\0009\000\040\000m\000c\000-\000h\000o\000m\000o\000l\000o\000g\000y\000/\000a\000l\000g\000e\000b\000r\000a\000/\000i\000n\000c\000l\000u\000d\000e\000/\000a\000l\000g\000e\000b\000r\000a\000/\000m\000a\000t\000r\000i\000x\000\137\000a\000l\000g\000o\000r\000i\000t\000h\000m\000s\000.\000h\000\040\000F\000i\000l\000e\000\040\000R\000e\000f\000e\000r\000e\000n\000c\000e}{chapter.7}% 247
\BOOKMARK [2][-]{subsection.7.9.1}{\376\377\0007\000.\0009\000.\0001\000\040\000D\000e\000t\000a\000i\000l\000e\000d\000\040\000D\000e\000s\000c\000r\000i\000p\000t\000i\000o\000n}{section.7.9}% 248
\BOOKMARK [2][-]{subsection.7.9.2}{\376\377\0007\000.\0009\000.\0002\000\040\000F\000u\000n\000c\000t\000i\000o\000n\000\040\000D\000o\000c\000u\000m\000e\000n\000t\000a\000t\000i\000o\000n}{section.7.9}% 249
\BOOKMARK [3][-]{subsubsection.7.9.2.1}{\376\377\0007\000.\0009\000.\0002\000.\0001\000\040\000r\000o\000w\000\137\000e\000c\000h\000e\000l\000o\000n\000\137\000f\000o\000r\000m\000\050\000\051\000\040\000[\0001\000/\0002\000]}{subsection.7.9.2}% 250
\BOOKMARK [3][-]{subsubsection.7.9.2.2}{\376\377\0007\000.\0009\000.\0002\000.\0002\000\040\000r\000o\000w\000\137\000e\000c\000h\000e\000l\000o\000n\000\137\000f\000o\000r\000m\000\050\000\051\000\040\000[\0002\000/\0002\000]}{subsection.7.9.2}% 251
\BOOKMARK [3][-]{subsubsection.7.9.2.3}{\376\377\0007\000.\0009\000.\0002\000.\0003\000\040\000s\000m\000i\000t\000h\000\137\000f\000o\000r\000m\000\050\000\051\000\040\000[\0001\000/\0002\000]}{subsection.7.9.2}% 252
\BOOKMARK [3][-]{subsubsection.7.9.2.4}{\376\377\0007\000.\0009\000.\0002\000.\0004\000\040\000s\000m\000i\000t\000h\000\137\000f\000o\000r\000m\000\050\000\051\000\040\000[\0002\000/\0002\000]}{subsection.7.9.2}% 253
\BOOKMARK [1][-]{section.7.10}{\376\377\0007\000.\0001\0000\000\040\000m\000a\000t\000r\000i\000x\000\137\000a\000l\000g\000o\000r\000i\000t\000h\000m\000s\000.\000h}{chapter.7}% 254
\BOOKMARK [1][-]{section.7.11}{\376\377\0007\000.\0001\0001\000\040\000m\000c\000-\000h\000o\000m\000o\000l\000o\000g\000y\000/\000a\000l\000g\000e\000b\000r\000a\000/\000i\000n\000c\000l\000u\000d\000e\000/\000a\000l\000g\000e\000b\000r\000a\000/\000m\000o\000d\000u\000l\000o\000\137\000f\000i\000e\000l\000d\000s\000.\000h\000\040\000F\000i\000l\000e\000\040\000R\000e\000f\000e\000r\000e\000n\000c\000e}{chapter.7}% 255
\BOOKMARK [2][-]{subsection.7.11.1}{\376\377\0007\000.\0001\0001\000.\0001\000\040\000D\000e\000t\000a\000i\000l\000e\000d\000\040\000D\000e\000s\000c\000r\000i\000p\000t\000i\000o\000n}{section.7.11}% 256
\BOOKMARK [1][-]{section.7.12}{\376\377\0007\000.\0001\0002\000\040\000m\000o\000d\000u\000l\000o\000\137\000f\000i\000e\000l\000d\000s\000.\000h}{chapter.7}% 257
\BOOKMARK [1][-]{section.7.13}{\376\377\0007\000.\0001\0003\000\040\000m\000c\000-\000h\000o\000m\000o\000l\000o\000g\000y\000/\000a\000l\000g\000e\000b\000r\000a\000/\000i\000n\000c\000l\000u\000d\000e\000/\000a\000l\000g\000e\000b\000r\000a\000/\000n\000u\000m\000b\000e\000r\000\137\000t\000h\000e\000o\000r\000y\000.\000h\000\040\000F\000i\000l\000e\000\040\000R\000e\000f\000e\000r\000e\000n\000c\000e}{chapter.7}% 258
\BOOKMARK [2][-]{subsection.7.13.1}{\376\377\0007\000.\0001\0003\000.\0001\000\040\000D\000e\000t\000a\000i\000l\000e\000d\000\040\000D\000e\000s\000c\000r\000i\000p\000t\000i\000o\000n}{section.7.13}% 259
\BOOKMARK [2][-]{subsection.7.13.2}{\376\377\0007\000.\0001\0003\000.\0002\000\040\000F\000u\000n\000c\000t\000i\000o\000n\000\040\000D\000o\000c\000u\000m\000e\000n\000t\000a\000t\000i\000o\000n}{section.7.13}% 260
\BOOKMARK [3][-]{subsubsection.7.13.2.1}{\376\377\0007\000.\0001\0003\000.\0002\000.\0001\000\040\000d\000i\000v\000i\000d\000e\000\050\000\051}{subsection.7.13.2}% 261
\BOOKMARK [3][-]{subsubsection.7.13.2.2}{\376\377\0007\000.\0001\0003\000.\0002\000.\0002\000\040\000e\000x\000t\000e\000n\000d\000e\000d\000\137\000g\000c\000d\000\050\000\051}{subsection.7.13.2}% 262
\BOOKMARK [3][-]{subsubsection.7.13.2.3}{\376\377\0007\000.\0001\0003\000.\0002\000.\0003\000\040\000i\000n\000v\000e\000r\000s\000e\000\137\000m\000o\000d\000\050\000\051}{subsection.7.13.2}% 263
\BOOKMARK [3][-]{subsubsection.7.13.2.4}{\376\377\0007\000.\0001\0003\000.\0002\000.\0004\000\040\000i\000s\000\137\000p\000r\000i\000m\000e\000\050\000\051}{subsection.7.13.2}% 264
\BOOKMARK [3][-]{subsubsection.7.13.2.5}{\376\377\0007\000.\0001\0003\000.\0002\000.\0005\000\040\000m\000o\000d\000u\000l\000o\000\050\000\051}{subsection.7.13.2}% 265
\BOOKMARK [1][-]{section.7.14}{\376\377\0007\000.\0001\0004\000\040\000n\000u\000m\000b\000e\000r\000\137\000t\000h\000e\000o\000r\000y\000.\000h}{chapter.7}% 266
\BOOKMARK [1][-]{section.7.15}{\376\377\0007\000.\0001\0005\000\040\000m\000c\000-\000h\000o\000m\000o\000l\000o\000g\000y\000/\000a\000l\000g\000e\000b\000r\000a\000/\000i\000n\000c\000l\000u\000d\000e\000/\000a\000l\000g\000e\000b\000r\000a\000/\000z\0002\000\137\000f\000i\000e\000l\000d\000.\000h\000\040\000F\000i\000l\000e\000\040\000R\000e\000f\000e\000r\000e\000n\000c\000e}{chapter.7}% 267
\BOOKMARK [2][-]{subsection.7.15.1}{\376\377\0007\000.\0001\0005\000.\0001\000\040\000D\000e\000t\000a\000i\000l\000e\000d\000\040\000D\000e\000s\000c\000r\000i\000p\000t\000i\000o\000n}{section.7.15}% 268
\BOOKMARK [1][-]{section.7.16}{\376\377\0007\000.\0001\0006\000\040\000z\0002\000\137\000f\000i\000e\000l\000d\000.\000h}{chapter.7}% 269
\BOOKMARK [1][-]{section.7.17}{\376\377\0007\000.\0001\0007\000\040\000m\000c\000-\000h\000o\000m\000o\000l\000o\000g\000y\000/\000c\000o\000m\000p\000l\000e\000x\000e\000s\000/\000i\000n\000c\000l\000u\000d\000e\000/\000c\000o\000m\000p\000l\000e\000x\000e\000s\000/\000c\000o\000m\000p\000u\000t\000e\000\137\000c\000h\000a\000i\000n\000\137\000c\000o\000m\000p\000l\000e\000x\000.\000h\000\040\000F\000i\000l\000e\000\040\000R\000e\000f\000e\000r\000e\000n\000c\000e}{chapter.7}% 270
\BOOKMARK [2][-]{subsection.7.17.1}{\376\377\0007\000.\0001\0007\000.\0001\000\040\000D\000e\000t\000a\000i\000l\000e\000d\000\040\000D\000e\000s\000c\000r\000i\000p\000t\000i\000o\000n}{section.7.17}% 271
\BOOKMARK [2][-]{subsection.7.17.2}{\376\377\0007\000.\0001\0007\000.\0002\000\040\000F\000u\000n\000c\000t\000i\000o\000n\000\040\000D\000o\000c\000u\000m\000e\000n\000t\000a\000t\000i\000o\000n}{section.7.17}% 272
\BOOKMARK [3][-]{subsubsection.7.17.2.1}{\376\377\0007\000.\0001\0007\000.\0002\000.\0001\000\040\000c\000o\000m\000p\000u\000t\000e\000\137\000c\000h\000a\000i\000n\000\137\000c\000o\000m\000p\000l\000e\000x\000\050\000\051}{subsection.7.17.2}% 273
\BOOKMARK [1][-]{section.7.18}{\376\377\0007\000.\0001\0008\000\040\000c\000o\000m\000p\000u\000t\000e\000\137\000c\000h\000a\000i\000n\000\137\000c\000o\000m\000p\000l\000e\000x\000.\000h}{chapter.7}% 274
\BOOKMARK [1][-]{section.7.19}{\376\377\0007\000.\0001\0009\000\040\000m\000c\000-\000h\000o\000m\000o\000l\000o\000g\000y\000/\000c\000o\000m\000p\000l\000e\000x\000e\000s\000/\000i\000n\000c\000l\000u\000d\000e\000/\000c\000o\000m\000p\000l\000e\000x\000e\000s\000/\000c\000u\000b\000i\000c\000a\000l\000\137\000c\000o\000m\000p\000l\000e\000x\000.\000h\000\040\000F\000i\000l\000e\000\040\000R\000e\000f\000e\000r\000e\000n\000c\000e}{chapter.7}% 275
\BOOKMARK [2][-]{subsection.7.19.1}{\376\377\0007\000.\0001\0009\000.\0001\000\040\000D\000e\000t\000a\000i\000l\000e\000d\000\040\000D\000e\000s\000c\000r\000i\000p\000t\000i\000o\000n}{section.7.19}% 276
\BOOKMARK [1][-]{section.7.20}{\376\377\0007\000.\0002\0000\000\040\000c\000u\000b\000i\000c\000a\000l\000\137\000c\000o\000m\000p\000l\000e\000x\000.\000h}{chapter.7}% 277
\BOOKMARK [1][-]{section.7.21}{\376\377\0007\000.\0002\0001\000\040\000m\000c\000-\000h\000o\000m\000o\000l\000o\000g\000y\000/\000c\000o\000m\000p\000l\000e\000x\000e\000s\000/\000i\000n\000c\000l\000u\000d\000e\000/\000c\000o\000m\000p\000l\000e\000x\000e\000s\000/\000u\000t\000i\000l\000s\000.\000h\000\040\000F\000i\000l\000e\000\040\000R\000e\000f\000e\000r\000e\000n\000c\000e}{chapter.7}% 278
\BOOKMARK [2][-]{subsection.7.21.1}{\376\377\0007\000.\0002\0001\000.\0001\000\040\000D\000e\000t\000a\000i\000l\000e\000d\000\040\000D\000e\000s\000c\000r\000i\000p\000t\000i\000o\000n}{section.7.21}% 279
\BOOKMARK [1][-]{section.7.22}{\376\377\0007\000.\0002\0002\000\040\000u\000t\000i\000l\000s\000.\000h}{chapter.7}% 280
\BOOKMARK [1][-]{section.7.23}{\376\377\0007\000.\0002\0003\000\040\000m\000c\000-\000h\000o\000m\000o\000l\000o\000g\000y\000/\000c\000o\000r\000e\000/\000i\000n\000c\000l\000u\000d\000e\000/\000c\000o\000r\000e\000/\000a\000l\000g\000e\000b\000r\000a\000\137\000h\000o\000m\000o\000l\000o\000g\000y\000.\000h\000\040\000F\000i\000l\000e\000\040\000R\000e\000f\000e\000r\000e\000n\000c\000e}{chapter.7}% 281
\BOOKMARK [2][-]{subsection.7.23.1}{\376\377\0007\000.\0002\0003\000.\0001\000\040\000D\000e\000t\000a\000i\000l\000e\000d\000\040\000D\000e\000s\000c\000r\000i\000p\000t\000i\000o\000n}{section.7.23}% 282
\BOOKMARK [1][-]{section.7.24}{\376\377\0007\000.\0002\0004\000\040\000a\000l\000g\000e\000b\000r\000a\000\137\000h\000o\000m\000o\000l\000o\000g\000y\000.\000h}{chapter.7}% 283
\BOOKMARK [1][-]{section.7.25}{\376\377\0007\000.\0002\0005\000\040\000m\000c\000-\000h\000o\000m\000o\000l\000o\000g\000y\000/\000c\000o\000r\000e\000/\000i\000n\000c\000l\000u\000d\000e\000/\000c\000o\000r\000e\000/\000c\000o\000m\000p\000l\000e\000x\000.\000h\000\040\000F\000i\000l\000e\000\040\000R\000e\000f\000e\000r\000e\000n\000c\000e}{chapter.7}% 284
\BOOKMARK [2][-]{subsection.7.25.1}{\376\377\0007\000.\0002\0005\000.\0001\000\040\000D\000e\000t\000a\000i\000l\000e\000d\000\040\000D\000e\000s\000c\000r\000i\000p\000t\000i\000o\000n}{section.7.25}% 285
\BOOKMARK [1][-]{section.7.26}{\376\377\0007\000.\0002\0006\000\040\000c\000o\000m\000p\000l\000e\000x\000.\000h}{chapter.7}% 286
\BOOKMARK [1][-]{section.7.27}{\376\377\0007\000.\0002\0007\000\040\000m\000c\000-\000h\000o\000m\000o\000l\000o\000g\000y\000/\000c\000o\000r\000e\000/\000i\000n\000c\000l\000u\000d\000e\000/\000c\000o\000r\000e\000/\000c\000u\000b\000i\000c\000a\000l\000\137\000c\000o\000m\000p\000l\000e\000x\000\137\0003\000d\000.\000h\000\040\000F\000i\000l\000e\000\040\000R\000e\000f\000e\000r\000e\000n\000c\000e}{chapter.7}% 287
\BOOKMARK [2][-]{subsection.7.27.1}{\376\377\0007\000.\0002\0007\000.\0001\000\040\000D\000e\000t\000a\000i\000l\000e\000d\000\040\000D\000e\000s\000c\000r\000i\000p\000t\000i\000o\000n}{section.7.27}% 288
\BOOKMARK [1][-]{section.7.28}{\376\377\0007\000.\0002\0008\000\040\000c\000u\000b\000i\000c\000a\000l\000\137\000c\000o\000m\000p\000l\000e\000x\000\137\0003\000d\000.\000h}{chapter.7}% 289
\BOOKMARK [1][-]{section.7.29}{\376\377\0007\000.\0002\0009\000\040\000m\000c\000-\000h\000o\000m\000o\000l\000o\000g\000y\000/\000c\000o\000r\000e\000/\000i\000n\000c\000l\000u\000d\000e\000/\000c\000o\000r\000e\000/\000h\000o\000m\000o\000l\000o\000g\000y\000.\000h\000\040\000F\000i\000l\000e\000\040\000R\000e\000f\000e\000r\000e\000n\000c\000e}{chapter.7}% 290
\BOOKMARK [2][-]{subsection.7.29.1}{\376\377\0007\000.\0002\0009\000.\0001\000\040\000D\000e\000t\000a\000i\000l\000e\000d\000\040\000D\000e\000s\000c\000r\000i\000p\000t\000i\000o\000n}{section.7.29}% 291
\BOOKMARK [1][-]{section.7.30}{\376\377\0007\000.\0003\0000\000\040\000h\000o\000m\000o\000l\000o\000g\000y\000.\000h}{chapter.7}% 292
\BOOKMARK [1][-]{section.7.31}{\376\377\0007\000.\0003\0001\000\040\000m\000c\000-\000h\000o\000m\000o\000l\000o\000g\000y\000/\000c\000o\000r\000e\000/\000i\000n\000c\000l\000u\000d\000e\000/\000c\000o\000r\000e\000/\000h\000o\000m\000o\000l\000o\000g\000y\000\137\000p\000r\000i\000n\000t\000i\000n\000g\000\137\000s\000t\000r\000a\000t\000e\000g\000y\000.\000h\000\040\000F\000i\000l\000e\000\040\000R\000e\000f\000e\000r\000e\000n\000c\000e}{chapter.7}% 293
\BOOKMARK [2][-]{subsection.7.31.1}{\376\377\0007\000.\0003\0001\000.\0001\000\040\000D\000e\000t\000a\000i\000l\000e\000d\000\040\000D\000e\000s\000c\000r\000i\000p\000t\000i\000o\000n}{section.7.31}% 294
\BOOKMARK [1][-]{section.7.32}{\376\377\0007\000.\0003\0002\000\040\000h\000o\000m\000o\000l\000o\000g\000y\000\137\000p\000r\000i\000n\000t\000i\000n\000g\000\137\000s\000t\000r\000a\000t\000e\000g\000y\000.\000h}{chapter.7}% 295
\BOOKMARK [1][-]{section.7.33}{\376\377\0007\000.\0003\0003\000\040\000m\000c\000-\000h\000o\000m\000o\000l\000o\000g\000y\000/\000c\000o\000r\000e\000/\000i\000n\000c\000l\000u\000d\000e\000/\000c\000o\000r\000e\000/\000l\000a\000t\000e\000x\000\137\000w\000r\000a\000p\000p\000e\000r\000.\000h\000\040\000F\000i\000l\000e\000\040\000R\000e\000f\000e\000r\000e\000n\000c\000e}{chapter.7}% 296
\BOOKMARK [2][-]{subsection.7.33.1}{\376\377\0007\000.\0003\0003\000.\0001\000\040\000D\000e\000t\000a\000i\000l\000e\000d\000\040\000D\000e\000s\000c\000r\000i\000p\000t\000i\000o\000n}{section.7.33}% 297
\BOOKMARK [1][-]{section.7.34}{\376\377\0007\000.\0003\0004\000\040\000l\000a\000t\000e\000x\000\137\000w\000r\000a\000p\000p\000e\000r\000.\000h}{chapter.7}% 298
\BOOKMARK [1][-]{section.7.35}{\376\377\0007\000.\0003\0005\000\040\000m\000c\000-\000h\000o\000m\000o\000l\000o\000g\000y\000/\000c\000o\000r\000e\000/\000i\000n\000c\000l\000u\000d\000e\000/\000c\000o\000r\000e\000/\000m\000a\000n\000a\000g\000e\000r\000.\000h\000\040\000F\000i\000l\000e\000\040\000R\000e\000f\000e\000r\000e\000n\000c\000e}{chapter.7}% 299
\BOOKMARK [2][-]{subsection.7.35.1}{\376\377\0007\000.\0003\0005\000.\0001\000\040\000D\000e\000t\000a\000i\000l\000e\000d\000\040\000D\000e\000s\000c\000r\000i\000p\000t\000i\000o\000n}{section.7.35}% 300
\BOOKMARK [1][-]{section.7.36}{\376\377\0007\000.\0003\0006\000\040\000m\000a\000n\000a\000g\000e\000r\000.\000h}{chapter.7}% 301
\BOOKMARK [1][-]{section.7.37}{\376\377\0007\000.\0003\0007\000\040\000m\000c\000-\000h\000o\000m\000o\000l\000o\000g\000y\000/\000c\000o\000r\000e\000/\000i\000n\000c\000l\000u\000d\000e\000/\000c\000o\000r\000e\000/\000o\000p\000t\000i\000o\000n\000s\000.\000h\000\040\000F\000i\000l\000e\000\040\000R\000e\000f\000e\000r\000e\000n\000c\000e}{chapter.7}% 302
\BOOKMARK [2][-]{subsection.7.37.1}{\376\377\0007\000.\0003\0007\000.\0001\000\040\000D\000e\000t\000a\000i\000l\000e\000d\000\040\000D\000e\000s\000c\000r\000i\000p\000t\000i\000o\000n}{section.7.37}% 303
\BOOKMARK [1][-]{section.7.38}{\376\377\0007\000.\0003\0008\000\040\000o\000p\000t\000i\000o\000n\000s\000.\000h}{chapter.7}% 304
\BOOKMARK [1][-]{section.7.39}{\376\377\0007\000.\0003\0009\000\040\000m\000c\000-\000h\000o\000m\000o\000l\000o\000g\000y\000/\000c\000o\000r\000e\000/\000i\000n\000c\000l\000u\000d\000e\000/\000c\000o\000r\000e\000/\000p\000a\000r\000s\000e\000r\000.\000h\000\040\000F\000i\000l\000e\000\040\000R\000e\000f\000e\000r\000e\000n\000c\000e}{chapter.7}% 305
\BOOKMARK [2][-]{subsection.7.39.1}{\376\377\0007\000.\0003\0009\000.\0001\000\040\000D\000e\000t\000a\000i\000l\000e\000d\000\040\000D\000e\000s\000c\000r\000i\000p\000t\000i\000o\000n}{section.7.39}% 306
\BOOKMARK [1][-]{section.7.40}{\376\377\0007\000.\0004\0000\000\040\000p\000a\000r\000s\000e\000r\000.\000h}{chapter.7}% 307
\BOOKMARK [1][-]{section.7.41}{\376\377\0007\000.\0004\0001\000\040\000m\000c\000-\000h\000o\000m\000o\000l\000o\000g\000y\000/\000c\000o\000r\000e\000/\000i\000n\000c\000l\000u\000d\000e\000/\000c\000o\000r\000e\000/\000p\000o\000l\000y\000m\000o\000r\000p\000h\000i\000c\000.\000h\000\040\000F\000i\000l\000e\000\040\000R\000e\000f\000e\000r\000e\000n\000c\000e}{chapter.7}% 308
\BOOKMARK [2][-]{subsection.7.41.1}{\376\377\0007\000.\0004\0001\000.\0001\000\040\000D\000e\000t\000a\000i\000l\000e\000d\000\040\000D\000e\000s\000c\000r\000i\000p\000t\000i\000o\000n}{section.7.41}% 309
\BOOKMARK [1][-]{section.7.42}{\376\377\0007\000.\0004\0002\000\040\000p\000o\000l\000y\000m\000o\000r\000p\000h\000i\000c\000.\000h}{chapter.7}% 310
\BOOKMARK [1][-]{section.7.43}{\376\377\0007\000.\0004\0003\000\040\000m\000c\000-\000h\000o\000m\000o\000l\000o\000g\000y\000/\000c\000o\000r\000e\000/\000i\000n\000c\000l\000u\000d\000e\000/\000c\000o\000r\000e\000/\000t\000e\000x\000t\000\137\000d\000r\000a\000w\000a\000b\000l\000e\000.\000h\000\040\000F\000i\000l\000e\000\040\000R\000e\000f\000e\000r\000e\000n\000c\000e}{chapter.7}% 311
\BOOKMARK [2][-]{subsection.7.43.1}{\376\377\0007\000.\0004\0003\000.\0001\000\040\000D\000e\000t\000a\000i\000l\000e\000d\000\040\000D\000e\000s\000c\000r\000i\000p\000t\000i\000o\000n}{section.7.43}% 312
\BOOKMARK [1][-]{section.7.44}{\376\377\0007\000.\0004\0004\000\040\000t\000e\000x\000t\000\137\000d\000r\000a\000w\000a\000b\000l\000e\000.\000h}{chapter.7}% 313
\BOOKMARK [0][-]{section*.224}{\376\377\000I\000n\000d\000e\000x}{}% 314
